{"D:\\workbench\\COURSOR PROJECTS\\ai assisted wellness app\\src\\firebase.js": {"path":"D:\\workbench\\COURSOR PROJECTS\\ai assisted wellness app\\src\\firebase.js","statementMap":{"0":{"start":{"line":4,"column":23},"end":{"line":11,"column":1}},"1":{"start":{"line":13,"column":12},"end":{"line":13,"column":41}},"2":{"start":{"line":14,"column":20},"end":{"line":14,"column":32}}},"fnMap":{},"branchMap":{},"s":{"0":0,"1":0,"2":0},"f":{},"b":{}}
,"D:\\workbench\\COURSOR PROJECTS\\ai assisted wellness app\\src\\firebaseAdmin.js": {"path":"D:\\workbench\\COURSOR PROJECTS\\ai assisted wellness app\\src\\firebaseAdmin.js","statementMap":{"0":{"start":{"line":1,"column":14},"end":{"line":1,"column":39}},"1":{"start":{"line":2,"column":23},"end":{"line":2,"column":67}},"2":{"start":{"line":4,"column":0},"end":{"line":6,"column":3}},"3":{"start":{"line":8,"column":0},"end":{"line":8,"column":23}}},"fnMap":{},"branchMap":{},"s":{"0":0,"1":0,"2":0,"3":0},"f":{},"b":{}}
,"D:\\workbench\\COURSOR PROJECTS\\ai assisted wellness app\\src\\i18n.js": {"path":"D:\\workbench\\COURSOR PROJECTS\\ai assisted wellness app\\src\\i18n.js","statementMap":{"0":{"start":{"line":6,"column":0},"end":{"line":16,"column":5}}},"fnMap":{},"branchMap":{},"s":{"0":0},"f":{},"b":{}}
,"D:\\workbench\\COURSOR PROJECTS\\ai assisted wellness app\\src\\server.js": {"path":"D:\\workbench\\COURSOR PROJECTS\\ai assisted wellness app\\src\\server.js","statementMap":{"0":{"start":{"line":1,"column":0},"end":{"line":1,"column":27}},"1":{"start":{"line":3,"column":16},"end":{"line":3,"column":34}},"2":{"start":{"line":4,"column":17},"end":{"line":4,"column":36}},"3":{"start":{"line":5,"column":13},"end":{"line":5,"column":28}},"4":{"start":{"line":6,"column":19},"end":{"line":6,"column":49}},"5":{"start":{"line":7,"column":22},"end":{"line":7,"column":55}},"6":{"start":{"line":8,"column":23},"end":{"line":8,"column":57}},"7":{"start":{"line":9,"column":23},"end":{"line":9,"column":57}},"8":{"start":{"line":10,"column":23},"end":{"line":10,"column":57}},"9":{"start":{"line":11,"column":27},"end":{"line":11,"column":69}},"10":{"start":{"line":13,"column":12},"end":{"line":13,"column":21}},"11":{"start":{"line":16,"column":0},"end":{"line":16,"column":16}},"12":{"start":{"line":17,"column":0},"end":{"line":17,"column":24}},"13":{"start":{"line":18,"column":0},"end":{"line":18,"column":28}},"14":{"start":{"line":21,"column":0},"end":{"line":21,"column":33}},"15":{"start":{"line":22,"column":0},"end":{"line":22,"column":40}},"16":{"start":{"line":23,"column":0},"end":{"line":23,"column":41}},"17":{"start":{"line":24,"column":0},"end":{"line":24,"column":41}},"18":{"start":{"line":25,"column":0},"end":{"line":25,"column":41}},"19":{"start":{"line":28,"column":0},"end":{"line":30,"column":65}},"20":{"start":{"line":29,"column":14},"end":{"line":29,"column":49}},"21":{"start":{"line":30,"column":16},"end":{"line":30,"column":63}},"22":{"start":{"line":32,"column":13},"end":{"line":32,"column":37}},"23":{"start":{"line":33,"column":0},"end":{"line":33,"column":70}},"24":{"start":{"line":33,"column":23},"end":{"line":33,"column":68}}},"fnMap":{"0":{"name":"(anonymous_0)","decl":{"start":{"line":29,"column":8},"end":{"line":29,"column":9}},"loc":{"start":{"line":29,"column":14},"end":{"line":29,"column":49}},"line":29},"1":{"name":"(anonymous_1)","decl":{"start":{"line":30,"column":9},"end":{"line":30,"column":10}},"loc":{"start":{"line":30,"column":16},"end":{"line":30,"column":63}},"line":30},"2":{"name":"(anonymous_2)","decl":{"start":{"line":33,"column":17},"end":{"line":33,"column":18}},"loc":{"start":{"line":33,"column":23},"end":{"line":33,"column":68}},"line":33}},"branchMap":{"0":{"loc":{"start":{"line":32,"column":13},"end":{"line":32,"column":37}},"type":"binary-expr","locations":[{"start":{"line":32,"column":13},"end":{"line":32,"column":29}},{"start":{"line":32,"column":33},"end":{"line":32,"column":37}}],"line":32}},"s":{"0":0,"1":0,"2":0,"3":0,"4":0,"5":0,"6":0,"7":0,"8":0,"9":0,"10":0,"11":0,"12":0,"13":0,"14":0,"15":0,"16":0,"17":0,"18":0,"19":0,"20":0,"21":0,"22":0,"23":0,"24":0},"f":{"0":0,"1":0,"2":0},"b":{"0":[0,0]}}
,"D:\\workbench\\COURSOR PROJECTS\\ai assisted wellness app\\src\\controllers\\aiController.js": {"path":"D:\\workbench\\COURSOR PROJECTS\\ai assisted wellness app\\src\\controllers\\aiController.js","statementMap":{"0":{"start":{"line":1,"column":18},"end":{"line":1,"column":50}},"1":{"start":{"line":2,"column":13},"end":{"line":2,"column":38}},"2":{"start":{"line":3,"column":16},"end":{"line":3,"column":44}},"3":{"start":{"line":4,"column":20},"end":{"line":4,"column":52}},"4":{"start":{"line":5,"column":17},"end":{"line":5,"column":46}},"5":{"start":{"line":7,"column":0},"end":{"line":17,"column":2}},"6":{"start":{"line":8,"column":2},"end":{"line":16,"column":3}},"7":{"start":{"line":9,"column":46},"end":{"line":9,"column":54}},"8":{"start":{"line":10,"column":17},"end":{"line":10,"column":49}},"9":{"start":{"line":11,"column":21},"end":{"line":11,"column":105}},"10":{"start":{"line":12,"column":4},"end":{"line":12,"column":34}},"11":{"start":{"line":14,"column":4},"end":{"line":14,"column":46}},"12":{"start":{"line":15,"column":4},"end":{"line":15,"column":54}},"13":{"start":{"line":19,"column":0},"end":{"line":27,"column":2}},"14":{"start":{"line":20,"column":2},"end":{"line":26,"column":3}},"15":{"start":{"line":21,"column":24},"end":{"line":21,"column":72}},"16":{"start":{"line":22,"column":4},"end":{"line":22,"column":59}},"17":{"start":{"line":24,"column":4},"end":{"line":24,"column":57}},"18":{"start":{"line":25,"column":4},"end":{"line":25,"column":54}},"19":{"start":{"line":29,"column":0},"end":{"line":43,"column":2}},"20":{"start":{"line":30,"column":2},"end":{"line":42,"column":3}},"21":{"start":{"line":31,"column":29},"end":{"line":31,"column":37}},"22":{"start":{"line":32,"column":22},"end":{"line":32,"column":70}},"23":{"start":{"line":33,"column":4},"end":{"line":35,"column":5}},"24":{"start":{"line":34,"column":6},"end":{"line":34,"column":78}},"25":{"start":{"line":36,"column":4},"end":{"line":36,"column":49}},"26":{"start":{"line":37,"column":4},"end":{"line":37,"column":29}},"27":{"start":{"line":38,"column":4},"end":{"line":38,"column":61}},"28":{"start":{"line":40,"column":4},"end":{"line":40,"column":55}},"29":{"start":{"line":41,"column":4},"end":{"line":41,"column":54}},"30":{"start":{"line":45,"column":0},"end":{"line":54,"column":2}},"31":{"start":{"line":46,"column":2},"end":{"line":53,"column":3}},"32":{"start":{"line":47,"column":17},"end":{"line":47,"column":49}},"33":{"start":{"line":48,"column":24},"end":{"line":48,"column":78}},"34":{"start":{"line":49,"column":4},"end":{"line":49,"column":26}},"35":{"start":{"line":51,"column":4},"end":{"line":51,"column":58}},"36":{"start":{"line":52,"column":4},"end":{"line":52,"column":54}},"37":{"start":{"line":56,"column":0},"end":{"line":76,"column":2}},"38":{"start":{"line":57,"column":2},"end":{"line":75,"column":3}},"39":{"start":{"line":58,"column":17},"end":{"line":58,"column":49}},"40":{"start":{"line":59,"column":4},"end":{"line":59,"column":62}},"41":{"start":{"line":60,"column":4},"end":{"line":60,"column":22}},"42":{"start":{"line":62,"column":20},"end":{"line":62,"column":82}},"43":{"start":{"line":63,"column":23},"end":{"line":68,"column":6}},"44":{"start":{"line":69,"column":4},"end":{"line":69,"column":28}},"45":{"start":{"line":71,"column":4},"end":{"line":71,"column":35}},"46":{"start":{"line":73,"column":4},"end":{"line":73,"column":67}},"47":{"start":{"line":74,"column":4},"end":{"line":74,"column":54}},"48":{"start":{"line":78,"column":0},"end":{"line":91,"column":2}},"49":{"start":{"line":79,"column":2},"end":{"line":90,"column":3}},"50":{"start":{"line":80,"column":21},"end":{"line":80,"column":29}},"51":{"start":{"line":81,"column":21},"end":{"line":84,"column":6}},"52":{"start":{"line":85,"column":4},"end":{"line":85,"column":26}},"53":{"start":{"line":86,"column":4},"end":{"line":86,"column":23}},"54":{"start":{"line":88,"column":4},"end":{"line":88,"column":53}},"55":{"start":{"line":89,"column":4},"end":{"line":89,"column":54}},"56":{"start":{"line":93,"column":0},"end":{"line":101,"column":2}},"57":{"start":{"line":94,"column":2},"end":{"line":100,"column":3}},"58":{"start":{"line":95,"column":22},"end":{"line":95,"column":64}},"59":{"start":{"line":96,"column":4},"end":{"line":96,"column":24}},"60":{"start":{"line":98,"column":4},"end":{"line":98,"column":54}},"61":{"start":{"line":99,"column":4},"end":{"line":99,"column":54}}},"fnMap":{"0":{"name":"(anonymous_0)","decl":{"start":{"line":7,"column":15},"end":{"line":7,"column":16}},"loc":{"start":{"line":7,"column":35},"end":{"line":17,"column":1}},"line":7},"1":{"name":"(anonymous_1)","decl":{"start":{"line":19,"column":25},"end":{"line":19,"column":26}},"loc":{"start":{"line":19,"column":45},"end":{"line":27,"column":1}},"line":19},"2":{"name":"(anonymous_2)","decl":{"start":{"line":29,"column":26},"end":{"line":29,"column":27}},"loc":{"start":{"line":29,"column":46},"end":{"line":43,"column":1}},"line":29},"3":{"name":"(anonymous_3)","decl":{"start":{"line":45,"column":25},"end":{"line":45,"column":26}},"loc":{"start":{"line":45,"column":45},"end":{"line":54,"column":1}},"line":45},"4":{"name":"(anonymous_4)","decl":{"start":{"line":56,"column":38},"end":{"line":56,"column":39}},"loc":{"start":{"line":56,"column":58},"end":{"line":76,"column":1}},"line":56},"5":{"name":"(anonymous_5)","decl":{"start":{"line":78,"column":25},"end":{"line":78,"column":26}},"loc":{"start":{"line":78,"column":45},"end":{"line":91,"column":1}},"line":78},"6":{"name":"(anonymous_6)","decl":{"start":{"line":93,"column":23},"end":{"line":93,"column":24}},"loc":{"start":{"line":93,"column":43},"end":{"line":101,"column":1}},"line":93}},"branchMap":{"0":{"loc":{"start":{"line":11,"column":61},"end":{"line":11,"column":90}},"type":"binary-expr","locations":[{"start":{"line":11,"column":61},"end":{"line":11,"column":69}},{"start":{"line":11,"column":73},"end":{"line":11,"column":90}}],"line":11},"1":{"loc":{"start":{"line":22,"column":13},"end":{"line":22,"column":57}},"type":"cond-expr","locations":[{"start":{"line":22,"column":27},"end":{"line":22,"column":52}},{"start":{"line":22,"column":55},"end":{"line":22,"column":57}}],"line":22},"2":{"loc":{"start":{"line":33,"column":4},"end":{"line":35,"column":5}},"type":"if","locations":[{"start":{"line":33,"column":4},"end":{"line":35,"column":5}},{"start":{},"end":{}}],"line":33}},"s":{"0":0,"1":0,"2":0,"3":0,"4":0,"5":0,"6":0,"7":0,"8":0,"9":0,"10":0,"11":0,"12":0,"13":0,"14":0,"15":0,"16":0,"17":0,"18":0,"19":0,"20":0,"21":0,"22":0,"23":0,"24":0,"25":0,"26":0,"27":0,"28":0,"29":0,"30":0,"31":0,"32":0,"33":0,"34":0,"35":0,"36":0,"37":0,"38":0,"39":0,"40":0,"41":0,"42":0,"43":0,"44":0,"45":0,"46":0,"47":0,"48":0,"49":0,"50":0,"51":0,"52":0,"53":0,"54":0,"55":0,"56":0,"57":0,"58":0,"59":0,"60":0,"61":0},"f":{"0":0,"1":0,"2":0,"3":0,"4":0,"5":0,"6":0},"b":{"0":[0,0],"1":[0,0],"2":[0,0]}}
,"D:\\workbench\\COURSOR PROJECTS\\ai assisted wellness app\\src\\controllers\\authController.js": {"path":"D:\\workbench\\COURSOR PROJECTS\\ai assisted wellness app\\src\\controllers\\authController.js","statementMap":{"0":{"start":{"line":1,"column":13},"end":{"line":1,"column":38}},"1":{"start":{"line":2,"column":12},"end":{"line":2,"column":35}},"2":{"start":{"line":3,"column":15},"end":{"line":3,"column":34}},"3":{"start":{"line":5,"column":0},"end":{"line":33,"column":2}},"4":{"start":{"line":6,"column":2},"end":{"line":32,"column":3}},"5":{"start":{"line":7,"column":42},"end":{"line":7,"column":50}},"6":{"start":{"line":10,"column":15},"end":{"line":10,"column":44}},"7":{"start":{"line":11,"column":4},"end":{"line":13,"column":5}},"8":{"start":{"line":12,"column":6},"end":{"line":12,"column":70}},"9":{"start":{"line":16,"column":4},"end":{"line":16,"column":51}},"10":{"start":{"line":19,"column":17},"end":{"line":19,"column":41}},"11":{"start":{"line":20,"column":4},"end":{"line":20,"column":54}},"12":{"start":{"line":22,"column":4},"end":{"line":22,"column":22}},"13":{"start":{"line":25,"column":20},"end":{"line":25,"column":45}},"14":{"start":{"line":26,"column":18},"end":{"line":26,"column":80}},"15":{"start":{"line":28,"column":4},"end":{"line":28,"column":91}},"16":{"start":{"line":30,"column":4},"end":{"line":30,"column":25}},"17":{"start":{"line":31,"column":4},"end":{"line":31,"column":54}},"18":{"start":{"line":35,"column":0},"end":{"line":60,"column":2}},"19":{"start":{"line":36,"column":2},"end":{"line":59,"column":3}},"20":{"start":{"line":37,"column":32},"end":{"line":37,"column":40}},"21":{"start":{"line":40,"column":15},"end":{"line":40,"column":44}},"22":{"start":{"line":41,"column":4},"end":{"line":43,"column":5}},"23":{"start":{"line":42,"column":6},"end":{"line":42,"column":70}},"24":{"start":{"line":46,"column":20},"end":{"line":46,"column":65}},"25":{"start":{"line":47,"column":4},"end":{"line":49,"column":5}},"26":{"start":{"line":48,"column":6},"end":{"line":48,"column":70}},"27":{"start":{"line":52,"column":20},"end":{"line":52,"column":45}},"28":{"start":{"line":53,"column":18},"end":{"line":53,"column":80}},"29":{"start":{"line":55,"column":4},"end":{"line":55,"column":91}},"30":{"start":{"line":57,"column":4},"end":{"line":57,"column":25}},"31":{"start":{"line":58,"column":4},"end":{"line":58,"column":54}},"32":{"start":{"line":62,"column":0},"end":{"line":70,"column":2}},"33":{"start":{"line":63,"column":2},"end":{"line":69,"column":3}},"34":{"start":{"line":64,"column":17},"end":{"line":64,"column":69}},"35":{"start":{"line":65,"column":4},"end":{"line":65,"column":19}},"36":{"start":{"line":67,"column":4},"end":{"line":67,"column":25}},"37":{"start":{"line":68,"column":4},"end":{"line":68,"column":54}},"38":{"start":{"line":72,"column":0},"end":{"line":76,"column":2}},"39":{"start":{"line":75,"column":2},"end":{"line":75,"column":51}}},"fnMap":{"0":{"name":"(anonymous_0)","decl":{"start":{"line":5,"column":19},"end":{"line":5,"column":20}},"loc":{"start":{"line":5,"column":39},"end":{"line":33,"column":1}},"line":5},"1":{"name":"(anonymous_1)","decl":{"start":{"line":35,"column":16},"end":{"line":35,"column":17}},"loc":{"start":{"line":35,"column":36},"end":{"line":60,"column":1}},"line":35},"2":{"name":"(anonymous_2)","decl":{"start":{"line":62,"column":25},"end":{"line":62,"column":26}},"loc":{"start":{"line":62,"column":45},"end":{"line":70,"column":1}},"line":62},"3":{"name":"(anonymous_3)","decl":{"start":{"line":72,"column":17},"end":{"line":72,"column":18}},"loc":{"start":{"line":72,"column":31},"end":{"line":76,"column":1}},"line":72}},"branchMap":{"0":{"loc":{"start":{"line":11,"column":4},"end":{"line":13,"column":5}},"type":"if","locations":[{"start":{"line":11,"column":4},"end":{"line":13,"column":5}},{"start":{},"end":{}}],"line":11},"1":{"loc":{"start":{"line":41,"column":4},"end":{"line":43,"column":5}},"type":"if","locations":[{"start":{"line":41,"column":4},"end":{"line":43,"column":5}},{"start":{},"end":{}}],"line":41},"2":{"loc":{"start":{"line":47,"column":4},"end":{"line":49,"column":5}},"type":"if","locations":[{"start":{"line":47,"column":4},"end":{"line":49,"column":5}},{"start":{},"end":{}}],"line":47}},"s":{"0":0,"1":0,"2":0,"3":0,"4":0,"5":0,"6":0,"7":0,"8":0,"9":0,"10":0,"11":0,"12":0,"13":0,"14":0,"15":0,"16":0,"17":0,"18":0,"19":0,"20":0,"21":0,"22":0,"23":0,"24":0,"25":0,"26":0,"27":0,"28":0,"29":0,"30":0,"31":0,"32":0,"33":0,"34":0,"35":0,"36":0,"37":0,"38":0,"39":0},"f":{"0":0,"1":0,"2":0,"3":0},"b":{"0":[0,0],"1":[0,0],"2":[0,0]}}
,"D:\\workbench\\COURSOR PROJECTS\\ai assisted wellness app\\src\\controllers\\experimentController.js": {"path":"D:\\workbench\\COURSOR PROJECTS\\ai assisted wellness app\\src\\controllers\\experimentController.js","statementMap":{"0":{"start":{"line":1,"column":28},"end":{"line":1,"column":70}},"1":{"start":{"line":2,"column":38},"end":{"line":2,"column":90}},"2":{"start":{"line":3,"column":32},"end":{"line":3,"column":78}},"3":{"start":{"line":4,"column":26},"end":{"line":4,"column":66}},"4":{"start":{"line":5,"column":29},"end":{"line":5,"column":72}},"5":{"start":{"line":6,"column":26},"end":{"line":6,"column":66}},"6":{"start":{"line":7,"column":26},"end":{"line":7,"column":66}},"7":{"start":{"line":8,"column":23},"end":{"line":8,"column":60}},"8":{"start":{"line":9,"column":36},"end":{"line":9,"column":86}},"9":{"start":{"line":10,"column":36},"end":{"line":10,"column":86}},"10":{"start":{"line":11,"column":31},"end":{"line":11,"column":76}},"11":{"start":{"line":12,"column":32},"end":{"line":12,"column":78}},"12":{"start":{"line":16,"column":0},"end":{"line":23,"column":2}},"13":{"start":{"line":17,"column":2},"end":{"line":22,"column":3}},"14":{"start":{"line":18,"column":26},"end":{"line":18,"column":95}},"15":{"start":{"line":19,"column":4},"end":{"line":19,"column":78}},"16":{"start":{"line":21,"column":4},"end":{"line":21,"column":91}},"17":{"start":{"line":25,"column":0},"end":{"line":32,"column":2}},"18":{"start":{"line":26,"column":2},"end":{"line":31,"column":3}},"19":{"start":{"line":27,"column":32},"end":{"line":27,"column":101}},"20":{"start":{"line":28,"column":4},"end":{"line":28,"column":90}},"21":{"start":{"line":30,"column":4},"end":{"line":30,"column":97}},"22":{"start":{"line":34,"column":0},"end":{"line":43,"column":2}},"23":{"start":{"line":35,"column":2},"end":{"line":42,"column":3}},"24":{"start":{"line":36,"column":19},"end":{"line":36,"column":29}},"25":{"start":{"line":37,"column":25},"end":{"line":37,"column":33}},"26":{"start":{"line":38,"column":4},"end":{"line":38,"column":76}},"27":{"start":{"line":39,"column":4},"end":{"line":39,"column":74}},"28":{"start":{"line":41,"column":4},"end":{"line":41,"column":102}},"29":{"start":{"line":45,"column":0},"end":{"line":53,"column":2}},"30":{"start":{"line":46,"column":2},"end":{"line":52,"column":3}},"31":{"start":{"line":47,"column":19},"end":{"line":47,"column":29}},"32":{"start":{"line":48,"column":4},"end":{"line":48,"column":65}},"33":{"start":{"line":49,"column":4},"end":{"line":49,"column":74}},"34":{"start":{"line":51,"column":4},"end":{"line":51,"column":102}},"35":{"start":{"line":55,"column":0},"end":{"line":63,"column":2}},"36":{"start":{"line":56,"column":2},"end":{"line":62,"column":3}},"37":{"start":{"line":57,"column":19},"end":{"line":57,"column":29}},"38":{"start":{"line":58,"column":21},"end":{"line":58,"column":78}},"39":{"start":{"line":59,"column":4},"end":{"line":59,"column":23}},"40":{"start":{"line":61,"column":4},"end":{"line":61,"column":98}},"41":{"start":{"line":65,"column":0},"end":{"line":79,"column":2}},"42":{"start":{"line":66,"column":2},"end":{"line":78,"column":3}},"43":{"start":{"line":67,"column":18},"end":{"line":67,"column":81}},"44":{"start":{"line":70,"column":4},"end":{"line":70,"column":49}},"45":{"start":{"line":73,"column":30},"end":{"line":73,"column":73}},"46":{"start":{"line":75,"column":4},"end":{"line":75,"column":32}},"47":{"start":{"line":77,"column":4},"end":{"line":77,"column":97}},"48":{"start":{"line":81,"column":0},"end":{"line":95,"column":2}},"49":{"start":{"line":82,"column":2},"end":{"line":94,"column":3}},"50":{"start":{"line":83,"column":19},"end":{"line":83,"column":29}},"51":{"start":{"line":84,"column":24},"end":{"line":84,"column":32}},"52":{"start":{"line":87,"column":29},"end":{"line":87,"column":79}},"53":{"start":{"line":89,"column":4},"end":{"line":89,"column":79}},"54":{"start":{"line":91,"column":4},"end":{"line":91,"column":67}},"55":{"start":{"line":93,"column":4},"end":{"line":93,"column":95}},"56":{"start":{"line":97,"column":0},"end":{"line":104,"column":2}},"57":{"start":{"line":98,"column":2},"end":{"line":103,"column":3}},"58":{"start":{"line":99,"column":23},"end":{"line":99,"column":85}},"59":{"start":{"line":100,"column":4},"end":{"line":100,"column":37}},"60":{"start":{"line":102,"column":4},"end":{"line":102,"column":102}},"61":{"start":{"line":106,"column":0},"end":{"line":114,"column":2}},"62":{"start":{"line":107,"column":2},"end":{"line":113,"column":3}},"63":{"start":{"line":108,"column":33},"end":{"line":108,"column":43}},"64":{"start":{"line":109,"column":30},"end":{"line":109,"column":105}},"65":{"start":{"line":110,"column":4},"end":{"line":110,"column":32}},"66":{"start":{"line":112,"column":4},"end":{"line":112,"column":97}},"67":{"start":{"line":116,"column":0},"end":{"line":127,"column":2}},"68":{"start":{"line":117,"column":2},"end":{"line":126,"column":3}},"69":{"start":{"line":118,"column":23},"end":{"line":118,"column":63}},"70":{"start":{"line":119,"column":4},"end":{"line":121,"column":5}},"71":{"start":{"line":120,"column":6},"end":{"line":120,"column":71}},"72":{"start":{"line":122,"column":23},"end":{"line":122,"column":85}},"73":{"start":{"line":123,"column":4},"end":{"line":123,"column":54}},"74":{"start":{"line":125,"column":4},"end":{"line":125,"column":99}},"75":{"start":{"line":129,"column":0},"end":{"line":136,"column":2}},"76":{"start":{"line":130,"column":2},"end":{"line":135,"column":3}},"77":{"start":{"line":131,"column":27},"end":{"line":131,"column":95}},"78":{"start":{"line":132,"column":4},"end":{"line":132,"column":29}},"79":{"start":{"line":134,"column":4},"end":{"line":134,"column":108}},"80":{"start":{"line":138,"column":0},"end":{"line":147,"column":2}},"81":{"start":{"line":139,"column":2},"end":{"line":146,"column":3}},"82":{"start":{"line":140,"column":19},"end":{"line":140,"column":29}},"83":{"start":{"line":141,"column":45},"end":{"line":141,"column":53}},"84":{"start":{"line":142,"column":29},"end":{"line":142,"column":113}},"85":{"start":{"line":143,"column":4},"end":{"line":143,"column":31}},"86":{"start":{"line":145,"column":4},"end":{"line":145,"column":88}},"87":{"start":{"line":149,"column":0},"end":{"line":156,"column":2}},"88":{"start":{"line":150,"column":2},"end":{"line":155,"column":3}},"89":{"start":{"line":151,"column":30},"end":{"line":151,"column":85}},"90":{"start":{"line":152,"column":4},"end":{"line":152,"column":32}},"91":{"start":{"line":154,"column":4},"end":{"line":154,"column":97}},"92":{"start":{"line":158,"column":0},"end":{"line":166,"column":2}},"93":{"start":{"line":159,"column":2},"end":{"line":165,"column":3}},"94":{"start":{"line":160,"column":19},"end":{"line":160,"column":29}},"95":{"start":{"line":161,"column":29},"end":{"line":161,"column":88}},"96":{"start":{"line":162,"column":4},"end":{"line":162,"column":31}},"97":{"start":{"line":164,"column":4},"end":{"line":164,"column":94}},"98":{"start":{"line":168,"column":0},"end":{"line":175,"column":2}},"99":{"start":{"line":169,"column":2},"end":{"line":174,"column":3}},"100":{"start":{"line":170,"column":30},"end":{"line":170,"column":73}},"101":{"start":{"line":171,"column":4},"end":{"line":171,"column":32}},"102":{"start":{"line":173,"column":4},"end":{"line":173,"column":97}},"103":{"start":{"line":177,"column":0},"end":{"line":184,"column":2}},"104":{"start":{"line":178,"column":2},"end":{"line":183,"column":3}},"105":{"start":{"line":179,"column":24},"end":{"line":179,"column":96}},"106":{"start":{"line":180,"column":4},"end":{"line":180,"column":26}},"107":{"start":{"line":182,"column":4},"end":{"line":182,"column":103}},"108":{"start":{"line":186,"column":0},"end":{"line":193,"column":2}},"109":{"start":{"line":187,"column":2},"end":{"line":192,"column":3}},"110":{"start":{"line":188,"column":23},"end":{"line":188,"column":93}},"111":{"start":{"line":189,"column":4},"end":{"line":189,"column":37}},"112":{"start":{"line":191,"column":4},"end":{"line":191,"column":101}},"113":{"start":{"line":195,"column":0},"end":{"line":202,"column":2}},"114":{"start":{"line":196,"column":2},"end":{"line":201,"column":3}},"115":{"start":{"line":197,"column":23},"end":{"line":197,"column":90}},"116":{"start":{"line":198,"column":4},"end":{"line":198,"column":25}},"117":{"start":{"line":200,"column":4},"end":{"line":200,"column":96}},"118":{"start":{"line":204,"column":0},"end":{"line":211,"column":2}},"119":{"start":{"line":205,"column":2},"end":{"line":210,"column":3}},"120":{"start":{"line":206,"column":23},"end":{"line":206,"column":92}},"121":{"start":{"line":207,"column":4},"end":{"line":207,"column":25}},"122":{"start":{"line":209,"column":4},"end":{"line":209,"column":109}},"123":{"start":{"line":213,"column":0},"end":{"line":220,"column":2}},"124":{"start":{"line":214,"column":2},"end":{"line":219,"column":3}},"125":{"start":{"line":215,"column":23},"end":{"line":215,"column":92}},"126":{"start":{"line":216,"column":4},"end":{"line":216,"column":25}},"127":{"start":{"line":218,"column":4},"end":{"line":218,"column":94}},"128":{"start":{"line":222,"column":0},"end":{"line":230,"column":2}},"129":{"start":{"line":223,"column":2},"end":{"line":229,"column":3}},"130":{"start":{"line":224,"column":19},"end":{"line":224,"column":29}},"131":{"start":{"line":225,"column":22},"end":{"line":225,"column":71}},"132":{"start":{"line":226,"column":4},"end":{"line":226,"column":24}},"133":{"start":{"line":228,"column":4},"end":{"line":228,"column":89}}},"fnMap":{"0":{"name":"(anonymous_0)","decl":{"start":{"line":16,"column":29},"end":{"line":16,"column":30}},"loc":{"start":{"line":16,"column":49},"end":{"line":23,"column":1}},"line":16},"1":{"name":"(anonymous_1)","decl":{"start":{"line":25,"column":34},"end":{"line":25,"column":35}},"loc":{"start":{"line":25,"column":54},"end":{"line":32,"column":1}},"line":25},"2":{"name":"(anonymous_2)","decl":{"start":{"line":34,"column":38},"end":{"line":34,"column":39}},"loc":{"start":{"line":34,"column":58},"end":{"line":43,"column":1}},"line":34},"3":{"name":"(anonymous_3)","decl":{"start":{"line":45,"column":37},"end":{"line":45,"column":38}},"loc":{"start":{"line":45,"column":57},"end":{"line":53,"column":1}},"line":45},"4":{"name":"(anonymous_4)","decl":{"start":{"line":55,"column":30},"end":{"line":55,"column":31}},"loc":{"start":{"line":55,"column":50},"end":{"line":63,"column":1}},"line":55},"5":{"name":"(anonymous_5)","decl":{"start":{"line":65,"column":31},"end":{"line":65,"column":32}},"loc":{"start":{"line":65,"column":51},"end":{"line":79,"column":1}},"line":65},"6":{"name":"(anonymous_6)","decl":{"start":{"line":81,"column":32},"end":{"line":81,"column":33}},"loc":{"start":{"line":81,"column":52},"end":{"line":95,"column":1}},"line":81},"7":{"name":"(anonymous_7)","decl":{"start":{"line":97,"column":39},"end":{"line":97,"column":40}},"loc":{"start":{"line":97,"column":59},"end":{"line":104,"column":1}},"line":97},"8":{"name":"(anonymous_8)","decl":{"start":{"line":106,"column":34},"end":{"line":106,"column":35}},"loc":{"start":{"line":106,"column":54},"end":{"line":114,"column":1}},"line":106},"9":{"name":"(anonymous_9)","decl":{"start":{"line":116,"column":35},"end":{"line":116,"column":36}},"loc":{"start":{"line":116,"column":55},"end":{"line":127,"column":1}},"line":116},"10":{"name":"(anonymous_10)","decl":{"start":{"line":129,"column":40},"end":{"line":129,"column":41}},"loc":{"start":{"line":129,"column":60},"end":{"line":136,"column":1}},"line":129},"11":{"name":"(anonymous_11)","decl":{"start":{"line":138,"column":26},"end":{"line":138,"column":27}},"loc":{"start":{"line":138,"column":46},"end":{"line":147,"column":1}},"line":138},"12":{"name":"(anonymous_12)","decl":{"start":{"line":149,"column":31},"end":{"line":149,"column":32}},"loc":{"start":{"line":149,"column":51},"end":{"line":156,"column":1}},"line":149},"13":{"name":"(anonymous_13)","decl":{"start":{"line":158,"column":31},"end":{"line":158,"column":32}},"loc":{"start":{"line":158,"column":51},"end":{"line":166,"column":1}},"line":158},"14":{"name":"(anonymous_14)","decl":{"start":{"line":168,"column":31},"end":{"line":168,"column":32}},"loc":{"start":{"line":168,"column":51},"end":{"line":175,"column":1}},"line":168},"15":{"name":"(anonymous_15)","decl":{"start":{"line":177,"column":35},"end":{"line":177,"column":36}},"loc":{"start":{"line":177,"column":55},"end":{"line":184,"column":1}},"line":177},"16":{"name":"(anonymous_16)","decl":{"start":{"line":186,"column":37},"end":{"line":186,"column":38}},"loc":{"start":{"line":186,"column":57},"end":{"line":193,"column":1}},"line":186},"17":{"name":"(anonymous_17)","decl":{"start":{"line":195,"column":33},"end":{"line":195,"column":34}},"loc":{"start":{"line":195,"column":53},"end":{"line":202,"column":1}},"line":195},"18":{"name":"(anonymous_18)","decl":{"start":{"line":204,"column":41},"end":{"line":204,"column":42}},"loc":{"start":{"line":204,"column":61},"end":{"line":211,"column":1}},"line":204},"19":{"name":"(anonymous_19)","decl":{"start":{"line":213,"column":31},"end":{"line":213,"column":32}},"loc":{"start":{"line":213,"column":51},"end":{"line":220,"column":1}},"line":213},"20":{"name":"(anonymous_20)","decl":{"start":{"line":222,"column":26},"end":{"line":222,"column":27}},"loc":{"start":{"line":222,"column":46},"end":{"line":230,"column":1}},"line":222}},"branchMap":{"0":{"loc":{"start":{"line":119,"column":4},"end":{"line":121,"column":5}},"type":"if","locations":[{"start":{"line":119,"column":4},"end":{"line":121,"column":5}},{"start":{},"end":{}}],"line":119}},"s":{"0":0,"1":0,"2":0,"3":0,"4":0,"5":0,"6":0,"7":0,"8":0,"9":0,"10":0,"11":0,"12":0,"13":0,"14":0,"15":0,"16":0,"17":0,"18":0,"19":0,"20":0,"21":0,"22":0,"23":0,"24":0,"25":0,"26":0,"27":0,"28":0,"29":0,"30":0,"31":0,"32":0,"33":0,"34":0,"35":0,"36":0,"37":0,"38":0,"39":0,"40":0,"41":0,"42":0,"43":0,"44":0,"45":0,"46":0,"47":0,"48":0,"49":0,"50":0,"51":0,"52":0,"53":0,"54":0,"55":0,"56":0,"57":0,"58":0,"59":0,"60":0,"61":0,"62":0,"63":0,"64":0,"65":0,"66":0,"67":0,"68":0,"69":0,"70":0,"71":0,"72":0,"73":0,"74":0,"75":0,"76":0,"77":0,"78":0,"79":0,"80":0,"81":0,"82":0,"83":0,"84":0,"85":0,"86":0,"87":0,"88":0,"89":0,"90":0,"91":0,"92":0,"93":0,"94":0,"95":0,"96":0,"97":0,"98":0,"99":0,"100":0,"101":0,"102":0,"103":0,"104":0,"105":0,"106":0,"107":0,"108":0,"109":0,"110":0,"111":0,"112":0,"113":0,"114":0,"115":0,"116":0,"117":0,"118":0,"119":0,"120":0,"121":0,"122":0,"123":0,"124":0,"125":0,"126":0,"127":0,"128":0,"129":0,"130":0,"131":0,"132":0,"133":0},"f":{"0":0,"1":0,"2":0,"3":0,"4":0,"5":0,"6":0,"7":0,"8":0,"9":0,"10":0,"11":0,"12":0,"13":0,"14":0,"15":0,"16":0,"17":0,"18":0,"19":0,"20":0},"b":{"0":[0,0]}}
,"D:\\workbench\\COURSOR PROJECTS\\ai assisted wellness app\\src\\controllers\\mealPlanController.js": {"path":"D:\\workbench\\COURSOR PROJECTS\\ai assisted wellness app\\src\\controllers\\mealPlanController.js","statementMap":{"0":{"start":{"line":1,"column":17},"end":{"line":1,"column":46}},"1":{"start":{"line":3,"column":0},"end":{"line":14,"column":2}},"2":{"start":{"line":4,"column":2},"end":{"line":13,"column":3}},"3":{"start":{"line":5,"column":21},"end":{"line":5,"column":66}},"4":{"start":{"line":6,"column":4},"end":{"line":8,"column":5}},"5":{"start":{"line":7,"column":6},"end":{"line":7,"column":70}},"6":{"start":{"line":9,"column":4},"end":{"line":9,"column":28}},"7":{"start":{"line":11,"column":4},"end":{"line":11,"column":50}},"8":{"start":{"line":12,"column":4},"end":{"line":12,"column":54}},"9":{"start":{"line":16,"column":0},"end":{"line":29,"column":2}},"10":{"start":{"line":17,"column":2},"end":{"line":28,"column":3}},"11":{"start":{"line":18,"column":19},"end":{"line":18,"column":64}},"12":{"start":{"line":19,"column":4},"end":{"line":21,"column":5}},"13":{"start":{"line":20,"column":6},"end":{"line":20,"column":63}},"14":{"start":{"line":22,"column":4},"end":{"line":22,"column":34}},"15":{"start":{"line":23,"column":4},"end":{"line":23,"column":26}},"16":{"start":{"line":24,"column":4},"end":{"line":24,"column":28}},"17":{"start":{"line":26,"column":4},"end":{"line":26,"column":53}},"18":{"start":{"line":27,"column":4},"end":{"line":27,"column":54}}},"fnMap":{"0":{"name":"(anonymous_0)","decl":{"start":{"line":3,"column":22},"end":{"line":3,"column":23}},"loc":{"start":{"line":3,"column":42},"end":{"line":14,"column":1}},"line":3},"1":{"name":"(anonymous_1)","decl":{"start":{"line":16,"column":25},"end":{"line":16,"column":26}},"loc":{"start":{"line":16,"column":45},"end":{"line":29,"column":1}},"line":16}},"branchMap":{"0":{"loc":{"start":{"line":6,"column":4},"end":{"line":8,"column":5}},"type":"if","locations":[{"start":{"line":6,"column":4},"end":{"line":8,"column":5}},{"start":{},"end":{}}],"line":6},"1":{"loc":{"start":{"line":19,"column":4},"end":{"line":21,"column":5}},"type":"if","locations":[{"start":{"line":19,"column":4},"end":{"line":21,"column":5}},{"start":{},"end":{}}],"line":19}},"s":{"0":0,"1":0,"2":0,"3":0,"4":0,"5":0,"6":0,"7":0,"8":0,"9":0,"10":0,"11":0,"12":0,"13":0,"14":0,"15":0,"16":0,"17":0,"18":0},"f":{"0":0,"1":0},"b":{"0":[0,0],"1":[0,0]}}
,"D:\\workbench\\COURSOR PROJECTS\\ai assisted wellness app\\src\\controllers\\programController.js": {"path":"D:\\workbench\\COURSOR PROJECTS\\ai assisted wellness app\\src\\controllers\\programController.js","statementMap":{"0":{"start":{"line":1,"column":16},"end":{"line":1,"column":44}},"1":{"start":{"line":2,"column":18},"end":{"line":2,"column":50}},"2":{"start":{"line":3,"column":21},"end":{"line":3,"column":56}},"3":{"start":{"line":4,"column":15},"end":{"line":4,"column":41}},"4":{"start":{"line":6,"column":0},"end":{"line":14,"column":2}},"5":{"start":{"line":7,"column":2},"end":{"line":13,"column":3}},"6":{"start":{"line":8,"column":21},"end":{"line":8,"column":62}},"7":{"start":{"line":9,"column":4},"end":{"line":9,"column":23}},"8":{"start":{"line":11,"column":4},"end":{"line":11,"column":25}},"9":{"start":{"line":12,"column":4},"end":{"line":12,"column":54}},"10":{"start":{"line":16,"column":0},"end":{"line":31,"column":2}},"11":{"start":{"line":17,"column":2},"end":{"line":30,"column":3}},"12":{"start":{"line":18,"column":34},"end":{"line":18,"column":42}},"13":{"start":{"line":19,"column":23},"end":{"line":23,"column":6}},"14":{"start":{"line":25,"column":20},"end":{"line":25,"column":43}},"15":{"start":{"line":26,"column":4},"end":{"line":26,"column":22}},"16":{"start":{"line":28,"column":4},"end":{"line":28,"column":25}},"17":{"start":{"line":29,"column":4},"end":{"line":29,"column":54}},"18":{"start":{"line":33,"column":0},"end":{"line":56,"column":2}},"19":{"start":{"line":34,"column":2},"end":{"line":55,"column":3}},"20":{"start":{"line":35,"column":34},"end":{"line":35,"column":42}},"21":{"start":{"line":36,"column":18},"end":{"line":36,"column":55}},"22":{"start":{"line":38,"column":4},"end":{"line":40,"column":5}},"23":{"start":{"line":39,"column":6},"end":{"line":39,"column":68}},"24":{"start":{"line":43,"column":4},"end":{"line":45,"column":5}},"25":{"start":{"line":44,"column":6},"end":{"line":44,"column":65}},"26":{"start":{"line":47,"column":4},"end":{"line":47,"column":24}},"27":{"start":{"line":48,"column":4},"end":{"line":48,"column":38}},"28":{"start":{"line":50,"column":4},"end":{"line":50,"column":25}},"29":{"start":{"line":51,"column":4},"end":{"line":51,"column":22}},"30":{"start":{"line":53,"column":4},"end":{"line":53,"column":25}},"31":{"start":{"line":54,"column":4},"end":{"line":54,"column":54}},"32":{"start":{"line":58,"column":0},"end":{"line":77,"column":2}},"33":{"start":{"line":59,"column":2},"end":{"line":76,"column":3}},"34":{"start":{"line":60,"column":20},"end":{"line":60,"column":57}},"35":{"start":{"line":62,"column":4},"end":{"line":64,"column":5}},"36":{"start":{"line":63,"column":6},"end":{"line":63,"column":68}},"37":{"start":{"line":67,"column":4},"end":{"line":69,"column":5}},"38":{"start":{"line":68,"column":6},"end":{"line":68,"column":65}},"39":{"start":{"line":71,"column":4},"end":{"line":71,"column":27}},"40":{"start":{"line":72,"column":4},"end":{"line":72,"column":45}},"41":{"start":{"line":74,"column":4},"end":{"line":74,"column":25}},"42":{"start":{"line":75,"column":4},"end":{"line":75,"column":54}},"43":{"start":{"line":79,"column":0},"end":{"line":91,"column":2}},"44":{"start":{"line":80,"column":2},"end":{"line":90,"column":3}},"45":{"start":{"line":81,"column":29},"end":{"line":81,"column":85}},"46":{"start":{"line":82,"column":20},"end":{"line":85,"column":6}},"47":{"start":{"line":86,"column":4},"end":{"line":86,"column":25}},"48":{"start":{"line":87,"column":4},"end":{"line":87,"column":34}},"49":{"start":{"line":89,"column":4},"end":{"line":89,"column":32}},"50":{"start":{"line":93,"column":0},"end":{"line":109,"column":2}},"51":{"start":{"line":94,"column":2},"end":{"line":108,"column":3}},"52":{"start":{"line":95,"column":23},"end":{"line":95,"column":34}},"53":{"start":{"line":96,"column":4},"end":{"line":98,"column":5}},"54":{"start":{"line":97,"column":6},"end":{"line":97,"column":75}},"55":{"start":{"line":100,"column":21},"end":{"line":103,"column":6}},"56":{"start":{"line":105,"column":4},"end":{"line":105,"column":23}},"57":{"start":{"line":107,"column":4},"end":{"line":107,"column":27}},"58":{"start":{"line":111,"column":0},"end":{"line":129,"column":2}},"59":{"start":{"line":112,"column":2},"end":{"line":128,"column":3}},"60":{"start":{"line":113,"column":20},"end":{"line":113,"column":57}},"61":{"start":{"line":115,"column":4},"end":{"line":117,"column":5}},"62":{"start":{"line":116,"column":6},"end":{"line":116,"column":68}},"63":{"start":{"line":120,"column":4},"end":{"line":122,"column":5}},"64":{"start":{"line":121,"column":6},"end":{"line":121,"column":65}},"65":{"start":{"line":124,"column":4},"end":{"line":124,"column":22}},"66":{"start":{"line":126,"column":4},"end":{"line":126,"column":25}},"67":{"start":{"line":127,"column":4},"end":{"line":127,"column":54}}},"fnMap":{"0":{"name":"(anonymous_0)","decl":{"start":{"line":6,"column":30},"end":{"line":6,"column":31}},"loc":{"start":{"line":6,"column":50},"end":{"line":14,"column":1}},"line":6},"1":{"name":"(anonymous_1)","decl":{"start":{"line":16,"column":24},"end":{"line":16,"column":25}},"loc":{"start":{"line":16,"column":44},"end":{"line":31,"column":1}},"line":16},"2":{"name":"(anonymous_2)","decl":{"start":{"line":33,"column":24},"end":{"line":33,"column":25}},"loc":{"start":{"line":33,"column":44},"end":{"line":56,"column":1}},"line":33},"3":{"name":"(anonymous_3)","decl":{"start":{"line":58,"column":24},"end":{"line":58,"column":25}},"loc":{"start":{"line":58,"column":44},"end":{"line":77,"column":1}},"line":58},"4":{"name":"(anonymous_4)","decl":{"start":{"line":79,"column":26},"end":{"line":79,"column":27}},"loc":{"start":{"line":79,"column":46},"end":{"line":91,"column":1}},"line":79},"5":{"name":"(anonymous_5)","decl":{"start":{"line":93,"column":25},"end":{"line":93,"column":26}},"loc":{"start":{"line":93,"column":45},"end":{"line":109,"column":1}},"line":93},"6":{"name":"(anonymous_6)","decl":{"start":{"line":111,"column":28},"end":{"line":111,"column":29}},"loc":{"start":{"line":111,"column":48},"end":{"line":129,"column":1}},"line":111}},"branchMap":{"0":{"loc":{"start":{"line":38,"column":4},"end":{"line":40,"column":5}},"type":"if","locations":[{"start":{"line":38,"column":4},"end":{"line":40,"column":5}},{"start":{},"end":{}}],"line":38},"1":{"loc":{"start":{"line":43,"column":4},"end":{"line":45,"column":5}},"type":"if","locations":[{"start":{"line":43,"column":4},"end":{"line":45,"column":5}},{"start":{},"end":{}}],"line":43},"2":{"loc":{"start":{"line":62,"column":4},"end":{"line":64,"column":5}},"type":"if","locations":[{"start":{"line":62,"column":4},"end":{"line":64,"column":5}},{"start":{},"end":{}}],"line":62},"3":{"loc":{"start":{"line":67,"column":4},"end":{"line":69,"column":5}},"type":"if","locations":[{"start":{"line":67,"column":4},"end":{"line":69,"column":5}},{"start":{},"end":{}}],"line":67},"4":{"loc":{"start":{"line":96,"column":4},"end":{"line":98,"column":5}},"type":"if","locations":[{"start":{"line":96,"column":4},"end":{"line":98,"column":5}},{"start":{},"end":{}}],"line":96},"5":{"loc":{"start":{"line":115,"column":4},"end":{"line":117,"column":5}},"type":"if","locations":[{"start":{"line":115,"column":4},"end":{"line":117,"column":5}},{"start":{},"end":{}}],"line":115},"6":{"loc":{"start":{"line":120,"column":4},"end":{"line":122,"column":5}},"type":"if","locations":[{"start":{"line":120,"column":4},"end":{"line":122,"column":5}},{"start":{},"end":{}}],"line":120}},"s":{"0":0,"1":0,"2":0,"3":0,"4":0,"5":0,"6":0,"7":0,"8":0,"9":0,"10":0,"11":0,"12":0,"13":0,"14":0,"15":0,"16":0,"17":0,"18":0,"19":0,"20":0,"21":0,"22":0,"23":0,"24":0,"25":0,"26":0,"27":0,"28":0,"29":0,"30":0,"31":0,"32":0,"33":0,"34":0,"35":0,"36":0,"37":0,"38":0,"39":0,"40":0,"41":0,"42":0,"43":0,"44":0,"45":0,"46":0,"47":0,"48":0,"49":0,"50":0,"51":0,"52":0,"53":0,"54":0,"55":0,"56":0,"57":0,"58":0,"59":0,"60":0,"61":0,"62":0,"63":0,"64":0,"65":0,"66":0,"67":0},"f":{"0":0,"1":0,"2":0,"3":0,"4":0,"5":0,"6":0},"b":{"0":[0,0],"1":[0,0],"2":[0,0],"3":[0,0],"4":[0,0],"5":[0,0],"6":[0,0]}}
,"D:\\workbench\\COURSOR PROJECTS\\ai assisted wellness app\\src\\controllers\\progressController.js": {"path":"D:\\workbench\\COURSOR PROJECTS\\ai assisted wellness app\\src\\controllers\\progressController.js","statementMap":{"0":{"start":{"line":1,"column":17},"end":{"line":1,"column":46}},"1":{"start":{"line":3,"column":0},"end":{"line":14,"column":2}},"2":{"start":{"line":4,"column":2},"end":{"line":13,"column":3}},"3":{"start":{"line":5,"column":21},"end":{"line":5,"column":66}},"4":{"start":{"line":6,"column":4},"end":{"line":8,"column":5}},"5":{"start":{"line":7,"column":6},"end":{"line":7,"column":69}},"6":{"start":{"line":9,"column":4},"end":{"line":9,"column":23}},"7":{"start":{"line":11,"column":4},"end":{"line":11,"column":50}},"8":{"start":{"line":12,"column":4},"end":{"line":12,"column":54}},"9":{"start":{"line":16,"column":0},"end":{"line":43,"column":2}},"10":{"start":{"line":17,"column":2},"end":{"line":42,"column":3}},"11":{"start":{"line":18,"column":19},"end":{"line":18,"column":64}},"12":{"start":{"line":19,"column":4},"end":{"line":21,"column":5}},"13":{"start":{"line":20,"column":6},"end":{"line":20,"column":53}},"14":{"start":{"line":24,"column":4},"end":{"line":26,"column":5}},"15":{"start":{"line":25,"column":6},"end":{"line":25,"column":55}},"16":{"start":{"line":27,"column":4},"end":{"line":29,"column":5}},"17":{"start":{"line":28,"column":6},"end":{"line":28,"column":64}},"18":{"start":{"line":30,"column":4},"end":{"line":32,"column":5}},"19":{"start":{"line":31,"column":6},"end":{"line":31,"column":47}},"20":{"start":{"line":33,"column":4},"end":{"line":35,"column":5}},"21":{"start":{"line":34,"column":6},"end":{"line":34,"column":64}},"22":{"start":{"line":37,"column":4},"end":{"line":37,"column":26}},"23":{"start":{"line":38,"column":4},"end":{"line":38,"column":23}},"24":{"start":{"line":40,"column":4},"end":{"line":40,"column":53}},"25":{"start":{"line":41,"column":4},"end":{"line":41,"column":54}}},"fnMap":{"0":{"name":"(anonymous_0)","decl":{"start":{"line":3,"column":22},"end":{"line":3,"column":23}},"loc":{"start":{"line":3,"column":42},"end":{"line":14,"column":1}},"line":3},"1":{"name":"(anonymous_1)","decl":{"start":{"line":16,"column":25},"end":{"line":16,"column":26}},"loc":{"start":{"line":16,"column":45},"end":{"line":43,"column":1}},"line":16}},"branchMap":{"0":{"loc":{"start":{"line":6,"column":4},"end":{"line":8,"column":5}},"type":"if","locations":[{"start":{"line":6,"column":4},"end":{"line":8,"column":5}},{"start":{},"end":{}}],"line":6},"1":{"loc":{"start":{"line":19,"column":4},"end":{"line":21,"column":5}},"type":"if","locations":[{"start":{"line":19,"column":4},"end":{"line":21,"column":5}},{"start":{},"end":{}}],"line":19},"2":{"loc":{"start":{"line":24,"column":4},"end":{"line":26,"column":5}},"type":"if","locations":[{"start":{"line":24,"column":4},"end":{"line":26,"column":5}},{"start":{},"end":{}}],"line":24},"3":{"loc":{"start":{"line":27,"column":4},"end":{"line":29,"column":5}},"type":"if","locations":[{"start":{"line":27,"column":4},"end":{"line":29,"column":5}},{"start":{},"end":{}}],"line":27},"4":{"loc":{"start":{"line":30,"column":4},"end":{"line":32,"column":5}},"type":"if","locations":[{"start":{"line":30,"column":4},"end":{"line":32,"column":5}},{"start":{},"end":{}}],"line":30},"5":{"loc":{"start":{"line":33,"column":4},"end":{"line":35,"column":5}},"type":"if","locations":[{"start":{"line":33,"column":4},"end":{"line":35,"column":5}},{"start":{},"end":{}}],"line":33}},"s":{"0":0,"1":0,"2":0,"3":0,"4":0,"5":0,"6":0,"7":0,"8":0,"9":0,"10":0,"11":0,"12":0,"13":0,"14":0,"15":0,"16":0,"17":0,"18":0,"19":0,"20":0,"21":0,"22":0,"23":0,"24":0,"25":0},"f":{"0":0,"1":0},"b":{"0":[0,0],"1":[0,0],"2":[0,0],"3":[0,0],"4":[0,0],"5":[0,0]}}
,"D:\\workbench\\COURSOR PROJECTS\\ai assisted wellness app\\src\\controllers\\scheduleController.js": {"path":"D:\\workbench\\COURSOR PROJECTS\\ai assisted wellness app\\src\\controllers\\scheduleController.js","statementMap":{"0":{"start":{"line":1,"column":17},"end":{"line":1,"column":46}},"1":{"start":{"line":3,"column":0},"end":{"line":14,"column":2}},"2":{"start":{"line":4,"column":2},"end":{"line":13,"column":3}},"3":{"start":{"line":5,"column":21},"end":{"line":5,"column":66}},"4":{"start":{"line":6,"column":4},"end":{"line":8,"column":5}},"5":{"start":{"line":7,"column":6},"end":{"line":7,"column":69}},"6":{"start":{"line":9,"column":4},"end":{"line":9,"column":38}},"7":{"start":{"line":11,"column":4},"end":{"line":11,"column":56}},"8":{"start":{"line":12,"column":4},"end":{"line":12,"column":54}},"9":{"start":{"line":16,"column":0},"end":{"line":29,"column":2}},"10":{"start":{"line":17,"column":2},"end":{"line":28,"column":3}},"11":{"start":{"line":18,"column":19},"end":{"line":18,"column":64}},"12":{"start":{"line":19,"column":4},"end":{"line":21,"column":5}},"13":{"start":{"line":20,"column":6},"end":{"line":20,"column":73}},"14":{"start":{"line":22,"column":4},"end":{"line":22,"column":54}},"15":{"start":{"line":23,"column":4},"end":{"line":23,"column":26}},"16":{"start":{"line":24,"column":4},"end":{"line":24,"column":38}},"17":{"start":{"line":26,"column":4},"end":{"line":26,"column":59}},"18":{"start":{"line":27,"column":4},"end":{"line":27,"column":54}}},"fnMap":{"0":{"name":"(anonymous_0)","decl":{"start":{"line":3,"column":28},"end":{"line":3,"column":29}},"loc":{"start":{"line":3,"column":48},"end":{"line":14,"column":1}},"line":3},"1":{"name":"(anonymous_1)","decl":{"start":{"line":16,"column":31},"end":{"line":16,"column":32}},"loc":{"start":{"line":16,"column":51},"end":{"line":29,"column":1}},"line":16}},"branchMap":{"0":{"loc":{"start":{"line":6,"column":4},"end":{"line":8,"column":5}},"type":"if","locations":[{"start":{"line":6,"column":4},"end":{"line":8,"column":5}},{"start":{},"end":{}}],"line":6},"1":{"loc":{"start":{"line":19,"column":4},"end":{"line":21,"column":5}},"type":"if","locations":[{"start":{"line":19,"column":4},"end":{"line":21,"column":5}},{"start":{},"end":{}}],"line":19}},"s":{"0":0,"1":0,"2":0,"3":0,"4":0,"5":0,"6":0,"7":0,"8":0,"9":0,"10":0,"11":0,"12":0,"13":0,"14":0,"15":0,"16":0,"17":0,"18":0},"f":{"0":0,"1":0},"b":{"0":[0,0],"1":[0,0]}}
,"D:\\workbench\\COURSOR PROJECTS\\ai assisted wellness app\\src\\controllers\\userController.js": {"path":"D:\\workbench\\COURSOR PROJECTS\\ai assisted wellness app\\src\\controllers\\userController.js","statementMap":{"0":{"start":{"line":1,"column":13},"end":{"line":1,"column":38}},"1":{"start":{"line":2,"column":15},"end":{"line":2,"column":34}},"2":{"start":{"line":3,"column":12},"end":{"line":3,"column":35}},"3":{"start":{"line":4,"column":15},"end":{"line":4,"column":35}},"4":{"start":{"line":5,"column":15},"end":{"line":5,"column":32}},"5":{"start":{"line":6,"column":19},"end":{"line":6,"column":40}},"6":{"start":{"line":8,"column":0},"end":{"line":22,"column":2}},"7":{"start":{"line":9,"column":2},"end":{"line":21,"column":3}},"8":{"start":{"line":10,"column":42},"end":{"line":10,"column":50}},"9":{"start":{"line":11,"column":15},"end":{"line":11,"column":44}},"10":{"start":{"line":12,"column":4},"end":{"line":14,"column":5}},"11":{"start":{"line":13,"column":6},"end":{"line":13,"column":68}},"12":{"start":{"line":15,"column":4},"end":{"line":15,"column":51}},"13":{"start":{"line":16,"column":4},"end":{"line":16,"column":22}},"14":{"start":{"line":17,"column":18},"end":{"line":17,"column":64}},"15":{"start":{"line":18,"column":4},"end":{"line":18,"column":36}},"16":{"start":{"line":20,"column":4},"end":{"line":20,"column":46}},"17":{"start":{"line":24,"column":0},"end":{"line":40,"column":2}},"18":{"start":{"line":25,"column":2},"end":{"line":39,"column":3}},"19":{"start":{"line":26,"column":32},"end":{"line":26,"column":40}},"20":{"start":{"line":27,"column":17},"end":{"line":27,"column":46}},"21":{"start":{"line":28,"column":4},"end":{"line":30,"column":5}},"22":{"start":{"line":29,"column":6},"end":{"line":29,"column":71}},"23":{"start":{"line":31,"column":20},"end":{"line":31,"column":65}},"24":{"start":{"line":32,"column":4},"end":{"line":34,"column":5}},"25":{"start":{"line":33,"column":6},"end":{"line":33,"column":71}},"26":{"start":{"line":35,"column":4},"end":{"line":35,"column":34}},"27":{"start":{"line":36,"column":4},"end":{"line":36,"column":52}},"28":{"start":{"line":38,"column":4},"end":{"line":38,"column":46}},"29":{"start":{"line":42,"column":0},"end":{"line":49,"column":2}},"30":{"start":{"line":43,"column":2},"end":{"line":48,"column":3}},"31":{"start":{"line":44,"column":17},"end":{"line":44,"column":70}},"32":{"start":{"line":45,"column":4},"end":{"line":45,"column":19}},"33":{"start":{"line":47,"column":4},"end":{"line":47,"column":46}},"34":{"start":{"line":51,"column":0},"end":{"line":63,"column":2}},"35":{"start":{"line":52,"column":2},"end":{"line":62,"column":3}},"36":{"start":{"line":53,"column":32},"end":{"line":53,"column":40}},"37":{"start":{"line":54,"column":17},"end":{"line":58,"column":25}},"38":{"start":{"line":59,"column":4},"end":{"line":59,"column":19}},"39":{"start":{"line":61,"column":4},"end":{"line":61,"column":46}},"40":{"start":{"line":65,"column":0},"end":{"line":69,"column":2}},"41":{"start":{"line":68,"column":2},"end":{"line":68,"column":51}},"42":{"start":{"line":71,"column":0},"end":{"line":88,"column":2}},"43":{"start":{"line":72,"column":2},"end":{"line":87,"column":3}},"44":{"start":{"line":73,"column":45},"end":{"line":73,"column":53}},"45":{"start":{"line":74,"column":17},"end":{"line":74,"column":50}},"46":{"start":{"line":76,"column":20},"end":{"line":76,"column":72}},"47":{"start":{"line":77,"column":4},"end":{"line":79,"column":5}},"48":{"start":{"line":78,"column":6},"end":{"line":78,"column":91}},"49":{"start":{"line":81,"column":4},"end":{"line":81,"column":32}},"50":{"start":{"line":82,"column":4},"end":{"line":82,"column":22}},"51":{"start":{"line":84,"column":4},"end":{"line":84,"column":65}},"52":{"start":{"line":86,"column":4},"end":{"line":86,"column":46}},"53":{"start":{"line":90,"column":0},"end":{"line":99,"column":2}},"54":{"start":{"line":91,"column":2},"end":{"line":98,"column":3}},"55":{"start":{"line":92,"column":4},"end":{"line":92,"column":47}},"56":{"start":{"line":95,"column":4},"end":{"line":95,"column":63}},"57":{"start":{"line":97,"column":4},"end":{"line":97,"column":46}},"58":{"start":{"line":101,"column":0},"end":{"line":132,"column":2}},"59":{"start":{"line":102,"column":2},"end":{"line":131,"column":3}},"60":{"start":{"line":103,"column":22},"end":{"line":103,"column":30}},"61":{"start":{"line":104,"column":17},"end":{"line":104,"column":46}},"62":{"start":{"line":105,"column":4},"end":{"line":107,"column":5}},"63":{"start":{"line":106,"column":6},"end":{"line":106,"column":83}},"64":{"start":{"line":109,"column":23},"end":{"line":109,"column":61}},"65":{"start":{"line":110,"column":4},"end":{"line":110,"column":41}},"66":{"start":{"line":111,"column":4},"end":{"line":111,"column":53}},"67":{"start":{"line":112,"column":4},"end":{"line":112,"column":22}},"68":{"start":{"line":114,"column":24},"end":{"line":116,"column":6}},"69":{"start":{"line":118,"column":24},"end":{"line":125,"column":5}},"70":{"start":{"line":127,"column":4},"end":{"line":127,"column":44}},"71":{"start":{"line":128,"column":4},"end":{"line":128,"column":80}},"72":{"start":{"line":130,"column":4},"end":{"line":130,"column":46}},"73":{"start":{"line":134,"column":0},"end":{"line":155,"column":2}},"74":{"start":{"line":135,"column":2},"end":{"line":154,"column":3}},"75":{"start":{"line":136,"column":35},"end":{"line":136,"column":43}},"76":{"start":{"line":137,"column":17},"end":{"line":140,"column":6}},"77":{"start":{"line":142,"column":4},"end":{"line":144,"column":5}},"78":{"start":{"line":143,"column":6},"end":{"line":143,"column":99}},"79":{"start":{"line":146,"column":4},"end":{"line":146,"column":32}},"80":{"start":{"line":147,"column":4},"end":{"line":147,"column":40}},"81":{"start":{"line":148,"column":4},"end":{"line":148,"column":42}},"82":{"start":{"line":149,"column":4},"end":{"line":149,"column":22}},"83":{"start":{"line":151,"column":4},"end":{"line":151,"column":65}},"84":{"start":{"line":153,"column":4},"end":{"line":153,"column":46}}},"fnMap":{"0":{"name":"(anonymous_0)","decl":{"start":{"line":8,"column":19},"end":{"line":8,"column":20}},"loc":{"start":{"line":8,"column":39},"end":{"line":22,"column":1}},"line":8},"1":{"name":"(anonymous_1)","decl":{"start":{"line":24,"column":16},"end":{"line":24,"column":17}},"loc":{"start":{"line":24,"column":36},"end":{"line":40,"column":1}},"line":24},"2":{"name":"(anonymous_2)","decl":{"start":{"line":42,"column":21},"end":{"line":42,"column":22}},"loc":{"start":{"line":42,"column":41},"end":{"line":49,"column":1}},"line":42},"3":{"name":"(anonymous_3)","decl":{"start":{"line":51,"column":24},"end":{"line":51,"column":25}},"loc":{"start":{"line":51,"column":44},"end":{"line":63,"column":1}},"line":51},"4":{"name":"(anonymous_4)","decl":{"start":{"line":65,"column":17},"end":{"line":65,"column":18}},"loc":{"start":{"line":65,"column":37},"end":{"line":69,"column":1}},"line":65},"5":{"name":"(anonymous_5)","decl":{"start":{"line":71,"column":25},"end":{"line":71,"column":26}},"loc":{"start":{"line":71,"column":45},"end":{"line":88,"column":1}},"line":71},"6":{"name":"(anonymous_6)","decl":{"start":{"line":90,"column":24},"end":{"line":90,"column":25}},"loc":{"start":{"line":90,"column":44},"end":{"line":99,"column":1}},"line":90},"7":{"name":"(anonymous_7)","decl":{"start":{"line":101,"column":25},"end":{"line":101,"column":26}},"loc":{"start":{"line":101,"column":45},"end":{"line":132,"column":1}},"line":101},"8":{"name":"(anonymous_8)","decl":{"start":{"line":134,"column":24},"end":{"line":134,"column":25}},"loc":{"start":{"line":134,"column":44},"end":{"line":155,"column":1}},"line":134}},"branchMap":{"0":{"loc":{"start":{"line":12,"column":4},"end":{"line":14,"column":5}},"type":"if","locations":[{"start":{"line":12,"column":4},"end":{"line":14,"column":5}},{"start":{},"end":{}}],"line":12},"1":{"loc":{"start":{"line":28,"column":4},"end":{"line":30,"column":5}},"type":"if","locations":[{"start":{"line":28,"column":4},"end":{"line":30,"column":5}},{"start":{},"end":{}}],"line":28},"2":{"loc":{"start":{"line":32,"column":4},"end":{"line":34,"column":5}},"type":"if","locations":[{"start":{"line":32,"column":4},"end":{"line":34,"column":5}},{"start":{},"end":{}}],"line":32},"3":{"loc":{"start":{"line":77,"column":4},"end":{"line":79,"column":5}},"type":"if","locations":[{"start":{"line":77,"column":4},"end":{"line":79,"column":5}},{"start":{},"end":{}}],"line":77},"4":{"loc":{"start":{"line":105,"column":4},"end":{"line":107,"column":5}},"type":"if","locations":[{"start":{"line":105,"column":4},"end":{"line":107,"column":5}},{"start":{},"end":{}}],"line":105},"5":{"loc":{"start":{"line":142,"column":4},"end":{"line":144,"column":5}},"type":"if","locations":[{"start":{"line":142,"column":4},"end":{"line":144,"column":5}},{"start":{},"end":{}}],"line":142}},"s":{"0":0,"1":0,"2":0,"3":0,"4":0,"5":0,"6":0,"7":0,"8":0,"9":0,"10":0,"11":0,"12":0,"13":0,"14":0,"15":0,"16":0,"17":0,"18":0,"19":0,"20":0,"21":0,"22":0,"23":0,"24":0,"25":0,"26":0,"27":0,"28":0,"29":0,"30":0,"31":0,"32":0,"33":0,"34":0,"35":0,"36":0,"37":0,"38":0,"39":0,"40":0,"41":0,"42":0,"43":0,"44":0,"45":0,"46":0,"47":0,"48":0,"49":0,"50":0,"51":0,"52":0,"53":0,"54":0,"55":0,"56":0,"57":0,"58":0,"59":0,"60":0,"61":0,"62":0,"63":0,"64":0,"65":0,"66":0,"67":0,"68":0,"69":0,"70":0,"71":0,"72":0,"73":0,"74":0,"75":0,"76":0,"77":0,"78":0,"79":0,"80":0,"81":0,"82":0,"83":0,"84":0},"f":{"0":0,"1":0,"2":0,"3":0,"4":0,"5":0,"6":0,"7":0,"8":0},"b":{"0":[0,0],"1":[0,0],"2":[0,0],"3":[0,0],"4":[0,0],"5":[0,0]}}
,"D:\\workbench\\COURSOR PROJECTS\\ai assisted wellness app\\src\\middleware\\auth.js": {"path":"D:\\workbench\\COURSOR PROJECTS\\ai assisted wellness app\\src\\middleware\\auth.js","statementMap":{"0":{"start":{"line":1,"column":14},"end":{"line":1,"column":41}},"1":{"start":{"line":3,"column":13},"end":{"line":17,"column":1}},"2":{"start":{"line":4,"column":16},"end":{"line":4,"column":67}},"3":{"start":{"line":6,"column":2},"end":{"line":8,"column":3}},"4":{"start":{"line":7,"column":4},"end":{"line":7,"column":77}},"5":{"start":{"line":10,"column":2},"end":{"line":16,"column":3}},"6":{"start":{"line":11,"column":25},"end":{"line":11,"column":64}},"7":{"start":{"line":12,"column":4},"end":{"line":12,"column":28}},"8":{"start":{"line":13,"column":4},"end":{"line":13,"column":11}},"9":{"start":{"line":15,"column":4},"end":{"line":15,"column":58}},"10":{"start":{"line":19,"column":0},"end":{"line":19,"column":22}}},"fnMap":{"0":{"name":"(anonymous_0)","decl":{"start":{"line":3,"column":13},"end":{"line":3,"column":14}},"loc":{"start":{"line":3,"column":39},"end":{"line":17,"column":1}},"line":3}},"branchMap":{"0":{"loc":{"start":{"line":6,"column":2},"end":{"line":8,"column":3}},"type":"if","locations":[{"start":{"line":6,"column":2},"end":{"line":8,"column":3}},{"start":{},"end":{}}],"line":6}},"s":{"0":0,"1":0,"2":0,"3":0,"4":0,"5":0,"6":0,"7":0,"8":0,"9":0,"10":0},"f":{"0":0},"b":{"0":[0,0]}}
,"D:\\workbench\\COURSOR PROJECTS\\ai assisted wellness app\\src\\middleware\\cache.js": {"path":"D:\\workbench\\COURSOR PROJECTS\\ai assisted wellness app\\src\\middleware\\cache.js","statementMap":{"0":{"start":{"line":1,"column":14},"end":{"line":1,"column":30}},"1":{"start":{"line":2,"column":22},"end":{"line":2,"column":37}},"2":{"start":{"line":4,"column":15},"end":{"line":4,"column":56}},"3":{"start":{"line":6,"column":17},"end":{"line":6,"column":51}},"4":{"start":{"line":7,"column":17},"end":{"line":7,"column":51}},"5":{"start":{"line":9,"column":14},"end":{"line":28,"column":1}},"6":{"start":{"line":10,"column":14},"end":{"line":10,"column":40}},"7":{"start":{"line":12,"column":2},"end":{"line":27,"column":3}},"8":{"start":{"line":13,"column":26},"end":{"line":13,"column":45}},"9":{"start":{"line":14,"column":4},"end":{"line":16,"column":5}},"10":{"start":{"line":15,"column":6},"end":{"line":15,"column":49}},"11":{"start":{"line":18,"column":4},"end":{"line":18,"column":32}},"12":{"start":{"line":19,"column":4},"end":{"line":22,"column":6}},"13":{"start":{"line":20,"column":6},"end":{"line":20,"column":54}},"14":{"start":{"line":21,"column":6},"end":{"line":21,"column":29}},"15":{"start":{"line":24,"column":4},"end":{"line":24,"column":11}},"16":{"start":{"line":26,"column":4},"end":{"line":26,"column":16}},"17":{"start":{"line":30,"column":0},"end":{"line":30,"column":23}}},"fnMap":{"0":{"name":"(anonymous_0)","decl":{"start":{"line":9,"column":14},"end":{"line":9,"column":15}},"loc":{"start":{"line":9,"column":40},"end":{"line":28,"column":1}},"line":9},"1":{"name":"(anonymous_1)","decl":{"start":{"line":19,"column":15},"end":{"line":19,"column":16}},"loc":{"start":{"line":19,"column":25},"end":{"line":22,"column":5}},"line":19}},"branchMap":{"0":{"loc":{"start":{"line":14,"column":4},"end":{"line":16,"column":5}},"type":"if","locations":[{"start":{"line":14,"column":4},"end":{"line":16,"column":5}},{"start":{},"end":{}}],"line":14}},"s":{"0":0,"1":0,"2":0,"3":0,"4":0,"5":0,"6":0,"7":0,"8":0,"9":0,"10":0,"11":0,"12":0,"13":0,"14":0,"15":0,"16":0,"17":0},"f":{"0":0,"1":0},"b":{"0":[0,0]}}
,"D:\\workbench\\COURSOR PROJECTS\\ai assisted wellness app\\src\\middleware\\errorHandler.js": {"path":"D:\\workbench\\COURSOR PROJECTS\\ai assisted wellness app\\src\\middleware\\errorHandler.js","statementMap":{"0":{"start":{"line":1,"column":15},"end":{"line":1,"column":41}},"1":{"start":{"line":3,"column":21},"end":{"line":12,"column":1}},"2":{"start":{"line":4,"column":2},"end":{"line":4,"column":26}},"3":{"start":{"line":6,"column":21},"end":{"line":6,"column":66}},"4":{"start":{"line":7,"column":2},"end":{"line":7,"column":25}},"5":{"start":{"line":8,"column":2},"end":{"line":11,"column":5}},"6":{"start":{"line":14,"column":0},"end":{"line":14,"column":30}}},"fnMap":{"0":{"name":"(anonymous_0)","decl":{"start":{"line":3,"column":21},"end":{"line":3,"column":22}},"loc":{"start":{"line":3,"column":46},"end":{"line":12,"column":1}},"line":3}},"branchMap":{"0":{"loc":{"start":{"line":6,"column":21},"end":{"line":6,"column":66}},"type":"cond-expr","locations":[{"start":{"line":6,"column":46},"end":{"line":6,"column":49}},{"start":{"line":6,"column":52},"end":{"line":6,"column":66}}],"line":6},"1":{"loc":{"start":{"line":10,"column":11},"end":{"line":10,"column":67}},"type":"cond-expr","locations":[{"start":{"line":10,"column":51},"end":{"line":10,"column":55}},{"start":{"line":10,"column":58},"end":{"line":10,"column":67}}],"line":10}},"s":{"0":0,"1":0,"2":0,"3":0,"4":0,"5":0,"6":0},"f":{"0":0},"b":{"0":[0,0],"1":[0,0]}}
,"D:\\workbench\\COURSOR PROJECTS\\ai assisted wellness app\\src\\middleware\\securityMiddleware.js": {"path":"D:\\workbench\\COURSOR PROJECTS\\ai assisted wellness app\\src\\middleware\\securityMiddleware.js","statementMap":{"0":{"start":{"line":1,"column":18},"end":{"line":1,"column":47}},"1":{"start":{"line":2,"column":15},"end":{"line":2,"column":32}},"2":{"start":{"line":3,"column":15},"end":{"line":3,"column":32}},"3":{"start":{"line":5,"column":16},"end":{"line":8,"column":2}},"4":{"start":{"line":10,"column":18},"end":{"line":10,"column":31}},"5":{"start":{"line":11,"column":12},"end":{"line":11,"column":58}},"6":{"start":{"line":13,"column":16},"end":{"line":19,"column":1}},"7":{"start":{"line":14,"column":13},"end":{"line":14,"column":35}},"8":{"start":{"line":15,"column":17},"end":{"line":15,"column":58}},"9":{"start":{"line":16,"column":18},"end":{"line":16,"column":52}},"10":{"start":{"line":17,"column":2},"end":{"line":17,"column":35}},"11":{"start":{"line":18,"column":2},"end":{"line":18,"column":62}},"12":{"start":{"line":21,"column":16},"end":{"line":26,"column":1}},"13":{"start":{"line":22,"column":19},"end":{"line":22,"column":87}},"14":{"start":{"line":23,"column":18},"end":{"line":23,"column":68}},"15":{"start":{"line":24,"column":2},"end":{"line":24,"column":38}},"16":{"start":{"line":25,"column":2},"end":{"line":25,"column":19}},"17":{"start":{"line":28,"column":27},"end":{"line":59,"column":1}},"18":{"start":{"line":33,"column":4},"end":{"line":35,"column":5}},"19":{"start":{"line":34,"column":6},"end":{"line":34,"column":69}},"20":{"start":{"line":38,"column":25},"end":{"line":38,"column":33}},"21":{"start":{"line":39,"column":4},"end":{"line":44,"column":6}},"22":{"start":{"line":40,"column":6},"end":{"line":42,"column":7}},"23":{"start":{"line":41,"column":8},"end":{"line":41,"column":45}},"24":{"start":{"line":43,"column":6},"end":{"line":43,"column":43}},"25":{"start":{"line":47,"column":4},"end":{"line":55,"column":5}},"26":{"start":{"line":48,"column":6},"end":{"line":54,"column":7}},"27":{"start":{"line":49,"column":30},"end":{"line":49,"column":47}},"28":{"start":{"line":50,"column":8},"end":{"line":50,"column":45}},"29":{"start":{"line":52,"column":8},"end":{"line":52,"column":55}},"30":{"start":{"line":53,"column":8},"end":{"line":53,"column":73}},"31":{"start":{"line":57,"column":4},"end":{"line":57,"column":11}},"32":{"start":{"line":61,"column":0},"end":{"line":61,"column":36}}},"fnMap":{"0":{"name":"(anonymous_0)","decl":{"start":{"line":13,"column":16},"end":{"line":13,"column":17}},"loc":{"start":{"line":13,"column":26},"end":{"line":19,"column":1}},"line":13},"1":{"name":"(anonymous_1)","decl":{"start":{"line":21,"column":16},"end":{"line":21,"column":17}},"loc":{"start":{"line":21,"column":26},"end":{"line":26,"column":1}},"line":21},"2":{"name":"(anonymous_2)","decl":{"start":{"line":31,"column":2},"end":{"line":31,"column":3}},"loc":{"start":{"line":31,"column":22},"end":{"line":58,"column":3}},"line":31},"3":{"name":"(anonymous_3)","decl":{"start":{"line":39,"column":15},"end":{"line":39,"column":16}},"loc":{"start":{"line":39,"column":31},"end":{"line":44,"column":5}},"line":39}},"branchMap":{"0":{"loc":{"start":{"line":33,"column":4},"end":{"line":35,"column":5}},"type":"if","locations":[{"start":{"line":33,"column":4},"end":{"line":35,"column":5}},{"start":{},"end":{}}],"line":33},"1":{"loc":{"start":{"line":33,"column":8},"end":{"line":33,"column":119}},"type":"binary-expr","locations":[{"start":{"line":33,"column":8},"end":{"line":33,"column":28}},{"start":{"line":33,"column":33},"end":{"line":33,"column":61}},{"start":{"line":33,"column":65},"end":{"line":33,"column":118}}],"line":33},"2":{"loc":{"start":{"line":40,"column":6},"end":{"line":42,"column":7}},"type":"if","locations":[{"start":{"line":40,"column":6},"end":{"line":42,"column":7}},{"start":{},"end":{}}],"line":40},"3":{"loc":{"start":{"line":40,"column":10},"end":{"line":40,"column":42}},"type":"binary-expr","locations":[{"start":{"line":40,"column":10},"end":{"line":40,"column":14}},{"start":{"line":40,"column":18},"end":{"line":40,"column":42}}],"line":40},"4":{"loc":{"start":{"line":47,"column":4},"end":{"line":55,"column":5}},"type":"if","locations":[{"start":{"line":47,"column":4},"end":{"line":55,"column":5}},{"start":{},"end":{}}],"line":47},"5":{"loc":{"start":{"line":47,"column":8},"end":{"line":47,"column":57}},"type":"binary-expr","locations":[{"start":{"line":47,"column":8},"end":{"line":47,"column":16}},{"start":{"line":47,"column":20},"end":{"line":47,"column":31}},{"start":{"line":47,"column":35},"end":{"line":47,"column":57}}],"line":47}},"s":{"0":0,"1":0,"2":0,"3":0,"4":0,"5":0,"6":0,"7":0,"8":0,"9":0,"10":0,"11":0,"12":0,"13":0,"14":0,"15":0,"16":0,"17":0,"18":0,"19":0,"20":0,"21":0,"22":0,"23":0,"24":0,"25":0,"26":0,"27":0,"28":0,"29":0,"30":0,"31":0,"32":0},"f":{"0":0,"1":0,"2":0,"3":0},"b":{"0":[0,0],"1":[0,0,0],"2":[0,0],"3":[0,0],"4":[0,0],"5":[0,0,0]}}
,"D:\\workbench\\COURSOR PROJECTS\\ai assisted wellness app\\src\\models\\ChatHistory.js": {"path":"D:\\workbench\\COURSOR PROJECTS\\ai assisted wellness app\\src\\models\\ChatHistory.js","statementMap":{"0":{"start":{"line":1,"column":17},"end":{"line":1,"column":36}},"1":{"start":{"line":3,"column":26},"end":{"line":19,"column":2}},"2":{"start":{"line":21,"column":0},"end":{"line":21,"column":66}}},"fnMap":{},"branchMap":{},"s":{"0":0,"1":0,"2":0},"f":{},"b":{}}
,"D:\\workbench\\COURSOR PROJECTS\\ai assisted wellness app\\src\\models\\Experiment.js": {"path":"D:\\workbench\\COURSOR PROJECTS\\ai assisted wellness app\\src\\models\\Experiment.js","statementMap":{"0":{"start":{"line":1,"column":17},"end":{"line":1,"column":36}},"1":{"start":{"line":3,"column":22},"end":{"line":15,"column":2}},"2":{"start":{"line":17,"column":20},"end":{"line":34,"column":2}},"3":{"start":{"line":36,"column":25},"end":{"line":86,"column":2}},"4":{"start":{"line":88,"column":0},"end":{"line":88,"column":64}}},"fnMap":{},"branchMap":{},"s":{"0":0,"1":0,"2":0,"3":0,"4":0},"f":{},"b":{}}
,"D:\\workbench\\COURSOR PROJECTS\\ai assisted wellness app\\src\\models\\MealPlan.js": {"path":"D:\\workbench\\COURSOR PROJECTS\\ai assisted wellness app\\src\\models\\MealPlan.js","statementMap":{"0":{"start":{"line":1,"column":17},"end":{"line":1,"column":36}},"1":{"start":{"line":3,"column":19},"end":{"line":24,"column":2}},"2":{"start":{"line":26,"column":23},"end":{"line":46,"column":2}},"3":{"start":{"line":48,"column":0},"end":{"line":51,"column":3}},"4":{"start":{"line":49,"column":2},"end":{"line":49,"column":30}},"5":{"start":{"line":50,"column":2},"end":{"line":50,"column":9}},"6":{"start":{"line":53,"column":0},"end":{"line":53,"column":60}}},"fnMap":{"0":{"name":"(anonymous_0)","decl":{"start":{"line":48,"column":27},"end":{"line":48,"column":28}},"loc":{"start":{"line":48,"column":42},"end":{"line":51,"column":1}},"line":48}},"branchMap":{},"s":{"0":0,"1":0,"2":0,"3":0,"4":0,"5":0,"6":0},"f":{"0":0},"b":{}}
,"D:\\workbench\\COURSOR PROJECTS\\ai assisted wellness app\\src\\models\\Program.js": {"path":"D:\\workbench\\COURSOR PROJECTS\\ai assisted wellness app\\src\\models\\Program.js","statementMap":{"0":{"start":{"line":1,"column":17},"end":{"line":1,"column":36}},"1":{"start":{"line":3,"column":22},"end":{"line":29,"column":2}},"2":{"start":{"line":32,"column":0},"end":{"line":35,"column":3}},"3":{"start":{"line":33,"column":2},"end":{"line":33,"column":30}},"4":{"start":{"line":34,"column":2},"end":{"line":34,"column":9}},"5":{"start":{"line":37,"column":0},"end":{"line":37,"column":58}}},"fnMap":{"0":{"name":"(anonymous_0)","decl":{"start":{"line":32,"column":26},"end":{"line":32,"column":27}},"loc":{"start":{"line":32,"column":41},"end":{"line":35,"column":1}},"line":32}},"branchMap":{},"s":{"0":0,"1":0,"2":0,"3":0,"4":0,"5":0},"f":{"0":0},"b":{}}
,"D:\\workbench\\COURSOR PROJECTS\\ai assisted wellness app\\src\\models\\Progress.js": {"path":"D:\\workbench\\COURSOR PROJECTS\\ai assisted wellness app\\src\\models\\Progress.js","statementMap":{"0":{"start":{"line":1,"column":17},"end":{"line":1,"column":36}},"1":{"start":{"line":3,"column":23},"end":{"line":57,"column":2}},"2":{"start":{"line":59,"column":0},"end":{"line":62,"column":3}},"3":{"start":{"line":60,"column":2},"end":{"line":60,"column":30}},"4":{"start":{"line":61,"column":2},"end":{"line":61,"column":9}},"5":{"start":{"line":64,"column":0},"end":{"line":64,"column":60}}},"fnMap":{"0":{"name":"(anonymous_0)","decl":{"start":{"line":59,"column":27},"end":{"line":59,"column":28}},"loc":{"start":{"line":59,"column":42},"end":{"line":62,"column":1}},"line":59}},"branchMap":{},"s":{"0":0,"1":0,"2":0,"3":0,"4":0,"5":0},"f":{"0":0},"b":{}}
,"D:\\workbench\\COURSOR PROJECTS\\ai assisted wellness app\\src\\models\\Reminder.js": {"path":"D:\\workbench\\COURSOR PROJECTS\\ai assisted wellness app\\src\\models\\Reminder.js","statementMap":{"0":{"start":{"line":1,"column":17},"end":{"line":1,"column":36}},"1":{"start":{"line":3,"column":23},"end":{"line":17,"column":2}},"2":{"start":{"line":19,"column":0},"end":{"line":19,"column":60}}},"fnMap":{},"branchMap":{},"s":{"0":0,"1":0,"2":0},"f":{},"b":{}}
,"D:\\workbench\\COURSOR PROJECTS\\ai assisted wellness app\\src\\models\\Schedule.js": {"path":"D:\\workbench\\COURSOR PROJECTS\\ai assisted wellness app\\src\\models\\Schedule.js","statementMap":{"0":{"start":{"line":1,"column":17},"end":{"line":1,"column":36}},"1":{"start":{"line":3,"column":23},"end":{"line":38,"column":2}},"2":{"start":{"line":40,"column":0},"end":{"line":43,"column":3}},"3":{"start":{"line":41,"column":2},"end":{"line":41,"column":30}},"4":{"start":{"line":42,"column":2},"end":{"line":42,"column":9}},"5":{"start":{"line":45,"column":0},"end":{"line":45,"column":60}}},"fnMap":{"0":{"name":"(anonymous_0)","decl":{"start":{"line":40,"column":27},"end":{"line":40,"column":28}},"loc":{"start":{"line":40,"column":42},"end":{"line":43,"column":1}},"line":40}},"branchMap":{},"s":{"0":0,"1":0,"2":0,"3":0,"4":0,"5":0},"f":{"0":0},"b":{}}
,"D:\\workbench\\COURSOR PROJECTS\\ai assisted wellness app\\src\\models\\User.js": {"path":"D:\\workbench\\COURSOR PROJECTS\\ai assisted wellness app\\src\\models\\User.js","statementMap":{"0":{"start":{"line":1,"column":17},"end":{"line":1,"column":36}},"1":{"start":{"line":2,"column":15},"end":{"line":2,"column":34}},"2":{"start":{"line":4,"column":19},"end":{"line":30,"column":2}},"3":{"start":{"line":33,"column":0},"end":{"line":38,"column":3}},"4":{"start":{"line":34,"column":2},"end":{"line":34,"column":50}},"5":{"start":{"line":34,"column":36},"end":{"line":34,"column":50}},"6":{"start":{"line":36,"column":15},"end":{"line":36,"column":39}},"7":{"start":{"line":37,"column":2},"end":{"line":37,"column":57}},"8":{"start":{"line":41,"column":0},"end":{"line":43,"column":2}},"9":{"start":{"line":42,"column":2},"end":{"line":42,"column":58}},"10":{"start":{"line":45,"column":0},"end":{"line":45,"column":52}}},"fnMap":{"0":{"name":"(anonymous_0)","decl":{"start":{"line":33,"column":23},"end":{"line":33,"column":24}},"loc":{"start":{"line":33,"column":44},"end":{"line":38,"column":1}},"line":33},"1":{"name":"(anonymous_1)","decl":{"start":{"line":41,"column":37},"end":{"line":41,"column":38}},"loc":{"start":{"line":41,"column":71},"end":{"line":43,"column":1}},"line":41}},"branchMap":{"0":{"loc":{"start":{"line":34,"column":2},"end":{"line":34,"column":50}},"type":"if","locations":[{"start":{"line":34,"column":2},"end":{"line":34,"column":50}},{"start":{},"end":{}}],"line":34}},"s":{"0":0,"1":0,"2":0,"3":0,"4":0,"5":0,"6":0,"7":0,"8":0,"9":0,"10":0},"f":{"0":0,"1":0},"b":{"0":[0,0]}}
,"D:\\workbench\\COURSOR PROJECTS\\ai assisted wellness app\\src\\routes\\aiRoutes.js": {"path":"D:\\workbench\\COURSOR PROJECTS\\ai assisted wellness app\\src\\routes\\aiRoutes.js","statementMap":{"0":{"start":{"line":1,"column":16},"end":{"line":1,"column":34}},"1":{"start":{"line":2,"column":15},"end":{"line":2,"column":31}},"2":{"start":{"line":3,"column":21},"end":{"line":3,"column":59}},"3":{"start":{"line":4,"column":13},"end":{"line":4,"column":42}},"4":{"start":{"line":6,"column":0},"end":{"line":6,"column":17}},"5":{"start":{"line":8,"column":0},"end":{"line":8,"column":40}},"6":{"start":{"line":9,"column":0},"end":{"line":9,"column":65}},"7":{"start":{"line":10,"column":0},"end":{"line":10,"column":67}},"8":{"start":{"line":11,"column":0},"end":{"line":11,"column":64}},"9":{"start":{"line":12,"column":0},"end":{"line":12,"column":83}},"10":{"start":{"line":13,"column":0},"end":{"line":13,"column":63}},"11":{"start":{"line":14,"column":0},"end":{"line":14,"column":60}},"12":{"start":{"line":16,"column":0},"end":{"line":16,"column":24}}},"fnMap":{},"branchMap":{},"s":{"0":0,"1":0,"2":0,"3":0,"4":0,"5":0,"6":0,"7":0,"8":0,"9":0,"10":0,"11":0,"12":0},"f":{},"b":{}}
,"D:\\workbench\\COURSOR PROJECTS\\ai assisted wellness app\\src\\routes\\authRoutes.js": {"path":"D:\\workbench\\COURSOR PROJECTS\\ai assisted wellness app\\src\\routes\\authRoutes.js","statementMap":{"0":{"start":{"line":1,"column":16},"end":{"line":1,"column":34}},"1":{"start":{"line":2,"column":15},"end":{"line":2,"column":31}},"2":{"start":{"line":3,"column":23},"end":{"line":3,"column":63}},"3":{"start":{"line":4,"column":13},"end":{"line":4,"column":42}},"4":{"start":{"line":6,"column":0},"end":{"line":6,"column":50}},"5":{"start":{"line":7,"column":0},"end":{"line":7,"column":44}},"6":{"start":{"line":8,"column":0},"end":{"line":8,"column":55}},"7":{"start":{"line":9,"column":0},"end":{"line":9,"column":52}},"8":{"start":{"line":11,"column":0},"end":{"line":11,"column":24}}},"fnMap":{},"branchMap":{},"s":{"0":0,"1":0,"2":0,"3":0,"4":0,"5":0,"6":0,"7":0,"8":0},"f":{},"b":{}}
,"D:\\workbench\\COURSOR PROJECTS\\ai assisted wellness app\\src\\routes\\experimentRoutes.js": {"path":"D:\\workbench\\COURSOR PROJECTS\\ai assisted wellness app\\src\\routes\\experimentRoutes.js","statementMap":{"0":{"start":{"line":1,"column":16},"end":{"line":1,"column":34}},"1":{"start":{"line":2,"column":15},"end":{"line":2,"column":31}},"2":{"start":{"line":3,"column":29},"end":{"line":3,"column":75}},"3":{"start":{"line":4,"column":23},"end":{"line":4,"column":62}},"4":{"start":{"line":5,"column":27},"end":{"line":5,"column":70}},"5":{"start":{"line":6,"column":26},"end":{"line":6,"column":66}},"6":{"start":{"line":7,"column":31},"end":{"line":7,"column":83}},"7":{"start":{"line":10,"column":0},"end":{"line":10,"column":31}},"8":{"start":{"line":14,"column":0},"end":{"line":14,"column":96}},"9":{"start":{"line":15,"column":0},"end":{"line":15,"column":102}},"10":{"start":{"line":17,"column":0},"end":{"line":17,"column":116}},"11":{"start":{"line":18,"column":0},"end":{"line":18,"column":114}},"12":{"start":{"line":20,"column":0},"end":{"line":20,"column":95}},"13":{"start":{"line":22,"column":0},"end":{"line":22,"column":86}},"14":{"start":{"line":23,"column":0},"end":{"line":23,"column":88}},"15":{"start":{"line":25,"column":0},"end":{"line":25,"column":96}},"16":{"start":{"line":26,"column":0},"end":{"line":26,"column":103}},"17":{"start":{"line":28,"column":0},"end":{"line":28,"column":98}},"18":{"start":{"line":30,"column":0},"end":{"line":30,"column":106}},"19":{"start":{"line":32,"column":0},"end":{"line":32,"column":80}},"20":{"start":{"line":33,"column":0},"end":{"line":33,"column":81}},"21":{"start":{"line":34,"column":0},"end":{"line":34,"column":91}},"22":{"start":{"line":35,"column":0},"end":{"line":35,"column":65}},"23":{"start":{"line":37,"column":0},"end":{"line":37,"column":90}},"24":{"start":{"line":38,"column":0},"end":{"line":38,"column":90}},"25":{"start":{"line":40,"column":0},"end":{"line":40,"column":93}},"26":{"start":{"line":41,"column":0},"end":{"line":41,"column":95}},"27":{"start":{"line":42,"column":0},"end":{"line":42,"column":107}},"28":{"start":{"line":43,"column":0},"end":{"line":43,"column":94}},"29":{"start":{"line":45,"column":0},"end":{"line":45,"column":90}},"30":{"start":{"line":47,"column":0},"end":{"line":54,"column":3}},"31":{"start":{"line":48,"column":2},"end":{"line":53,"column":3}},"32":{"start":{"line":49,"column":24},"end":{"line":49,"column":64}},"33":{"start":{"line":50,"column":4},"end":{"line":50,"column":26}},"34":{"start":{"line":52,"column":4},"end":{"line":52,"column":90}},"35":{"start":{"line":56,"column":0},"end":{"line":63,"column":3}},"36":{"start":{"line":57,"column":2},"end":{"line":62,"column":3}},"37":{"start":{"line":58,"column":26},"end":{"line":58,"column":76}},"38":{"start":{"line":59,"column":4},"end":{"line":59,"column":40}},"39":{"start":{"line":61,"column":4},"end":{"line":61,"column":89}},"40":{"start":{"line":65,"column":0},"end":{"line":72,"column":3}},"41":{"start":{"line":66,"column":2},"end":{"line":71,"column":3}},"42":{"start":{"line":67,"column":21},"end":{"line":67,"column":77}},"43":{"start":{"line":68,"column":4},"end":{"line":68,"column":23}},"44":{"start":{"line":70,"column":4},"end":{"line":70,"column":90}},"45":{"start":{"line":74,"column":0},"end":{"line":81,"column":3}},"46":{"start":{"line":75,"column":2},"end":{"line":80,"column":3}},"47":{"start":{"line":76,"column":30},"end":{"line":76,"column":95}},"48":{"start":{"line":77,"column":4},"end":{"line":77,"column":32}},"49":{"start":{"line":79,"column":4},"end":{"line":79,"column":89}},"50":{"start":{"line":83,"column":0},"end":{"line":90,"column":3}},"51":{"start":{"line":84,"column":2},"end":{"line":89,"column":3}},"52":{"start":{"line":85,"column":28},"end":{"line":85,"column":67}},"53":{"start":{"line":86,"column":4},"end":{"line":86,"column":30}},"54":{"start":{"line":88,"column":4},"end":{"line":88,"column":91}},"55":{"start":{"line":92,"column":0},"end":{"line":92,"column":24}}},"fnMap":{"0":{"name":"(anonymous_0)","decl":{"start":{"line":47,"column":32},"end":{"line":47,"column":33}},"loc":{"start":{"line":47,"column":52},"end":{"line":54,"column":1}},"line":47},"1":{"name":"(anonymous_1)","decl":{"start":{"line":56,"column":33},"end":{"line":56,"column":34}},"loc":{"start":{"line":56,"column":53},"end":{"line":63,"column":1}},"line":56},"2":{"name":"(anonymous_2)","decl":{"start":{"line":65,"column":43},"end":{"line":65,"column":44}},"loc":{"start":{"line":65,"column":63},"end":{"line":72,"column":1}},"line":65},"3":{"name":"(anonymous_3)","decl":{"start":{"line":74,"column":
[...]
,"D:\\workbench\\COURSOR PROJECTS\\ai assisted wellness app\\src\\services\\redisService.js": {"path":"D:\\workbench\\COURSOR PROJECTS\\ai assisted wellness app\\src\\services\\redisService.js","statementMap":{"0":{"start":{"line":1,"column":14},"end":{"line":1,"column":32}},"1":{"start":{"line":5,"column":18},"end":{"line":9,"column":1}},"2":{"start":{"line":6,"column":2},"end":{"line":6,"column":49}},"3":{"start":{"line":7,"column":2},"end":{"line":7,"column":75}},"4":{"start":{"line":7,"column":35},"end":{"line":7,"column":73}},"5":{"start":{"line":8,"column":2},"end":{"line":8,"column":51}},"6":{"start":{"line":11,"column":23},"end":{"line":11,"column":40}},"7":{"start":{"line":11,"column":29},"end":{"line":11,"column":40}},"8":{"start":{"line":13,"column":0},"end":{"line":13,"column":47}}},"fnMap":{"0":{"name":"(anonymous_0)","decl":{"start":{"line":5,"column":18},"end":{"line":5,"column":19}},"loc":{"start":{"line":5,"column":30},"end":{"line":9,"column":1}},"line":5},"1":{"name":"(anonymous_1)","decl":{"start":{"line":7,"column":26},"end":{"line":7,"column":27}},"loc":{"start":{"line":7,"column":35},"end":{"line":7,"column":73}},"line":7},"2":{"name":"(anonymous_2)","decl":{"start":{"line":11,"column":23},"end":{"line":11,"column":24}},"loc":{"start":{"line":11,"column":29},"end":{"line":11,"column":40}},"line":11}},"branchMap":{},"s":{"0":0,"1":0,"2":0,"3":0,"4":0,"5":0,"6":0,"7":0,"8":0},"f":{"0":0,"1":0,"2":0},"b":{}}
,"D:\\workbench\\COURSOR PROJECTS\\ai assisted wellness app\\src\\services\\reinforcementLearningService.js": {"path":"D:\\workbench\\COURSOR PROJECTS\\ai assisted wellness app\\src\\services\\reinforcementLearningService.js","statementMap":{"0":{"start":{"line":5,"column":4},"end":{"line":5,"column":31}},"1":{"start":{"line":6,"column":4},"end":{"line":6,"column":33}},"2":{"start":{"line":7,"column":4},"end":{"line":7,"column":36}},"3":{"start":{"line":8,"column":4},"end":{"line":8,"column":23}},"4":{"start":{"line":9,"column":4},"end":{"line":9,"column":27}},"5":{"start":{"line":10,"column":4},"end":{"line":10,"column":30}},"6":{"start":{"line":11,"column":4},"end":{"line":11,"column":22}},"7":{"start":{"line":12,"column":4},"end":{"line":12,"column":30}},"8":{"start":{"line":16,"column":18},"end":{"line":16,"column":33}},"9":{"start":{"line":17,"column":4},"end":{"line":17,"column":96}},"10":{"start":{"line":18,"column":4},"end":{"line":18,"column":66}},"11":{"start":{"line":19,"column":4},"end":{"line":19,"column":81}},"12":{"start":{"line":20,"column":4},"end":{"line":20,"column":80}},"13":{"start":{"line":21,"column":4},"end":{"line":21,"column":17}},"14":{"start":{"line":25,"column":4},"end":{"line":27,"column":5}},"15":{"start":{"line":26,"column":6},"end":{"line":26,"column":57}},"16":{"start":{"line":28,"column":4},"end":{"line":32,"column":7}},"17":{"start":{"line":29,"column":26},"end":{"line":29,"column":46}},"18":{"start":{"line":30,"column":25},"end":{"line":30,"column":56}},"19":{"start":{"line":31,"column":6},"end":{"line":31,"column":48}},"20":{"start":{"line":36,"column":24},"end":{"line":36,"column":44}},"21":{"start":{"line":37,"column":28},"end":{"line":37,"column":52}},"22":{"start":{"line":39,"column":19},"end":{"line":39,"column":64}},"23":{"start":{"line":40,"column":23},"end":{"line":40,"column":72}},"24":{"start":{"line":42,"column":4},"end":{"line":46,"column":5}},"25":{"start":{"line":43,"column":6},"end":{"line":43,"column":33}},"26":{"start":{"line":45,"column":6},"end":{"line":45,"column":75}},"27":{"start":{"line":48,"column":4},"end":{"line":48,"column":86}},"28":{"start":{"line":50,"column":4},"end":{"line":52,"column":5}},"29":{"start":{"line":51,"column":6},"end":{"line":51,"column":40}},"30":{"start":{"line":58,"column":31},"end":{"line":60,"column":1}},"31":{"start":{"line":59,"column":2},"end":{"line":59,"column":64}},"32":{"start":{"line":62,"column":25},"end":{"line":64,"column":1}},"33":{"start":{"line":63,"column":2},"end":{"line":63,"column":26}},"34":{"start":{"line":66,"column":26},"end":{"line":68,"column":1}},"35":{"start":{"line":67,"column":2},"end":{"line":67,"column":60}}},"fnMap":{"0":{"name":"(anonymous_0)","decl":{"start":{"line":4,"column":2},"end":{"line":4,"column":3}},"loc":{"start":{"line":4,"column":37},"end":{"line":13,"column":3}},"line":4},"1":{"name":"(anonymous_1)","decl":{"start":{"line":15,"column":2},"end":{"line":15,"column":3}},"loc":{"start":{"line":15,"column":16},"end":{"line":22,"column":3}},"line":15},"2":{"name":"(anonymous_2)","decl":{"start":{"line":24,"column":2},"end":{"line":24,"column":3}},"loc":{"start":{"line":24,"column":13},"end":{"line":33,"column":3}},"line":24},"3":{"name":"(anonymous_3)","decl":{"start":{"line":28,"column":19},"end":{"line":28,"column":20}},"loc":{"start":{"line":28,"column":25},"end":{"line":32,"column":5}},"line":28},"4":{"name":"(anonymous_4)","decl":{"start":{"line":35,"column":2},"end":{"line":35,"column":3}},"loc":{"start":{"line":35,"column":54},"end":{"line":53,"column":3}},"line":35},"5":{"name":"(anonymous_5)","decl":{"start":{"line":58,"column":31},"end":{"line":58,"column":32}},"loc":{"start":{"line":58,"column":58},"end":{"line":60,"column":1}},"line":58},"6":{"name":"(anonymous_6)","decl":{"start":{"line":62,"column":25},"end":{"line":62,"column":26}},"loc":{"start":{"line":62,"column":36},"end":{"line":64,"column":1}},"line":62},"7":{"name":"(anonymous_7)","decl":{"start":{"line":66,"column":26},"end":{"line":66,"column":27}},"loc":{"start":{"line":66,"column":76},"end":{"line":68,"column":1}},"line":66}},"branchMap":{"0":{"loc":{"start":{"line":25,"column":4},"end":{"line":27,"column":5}},"type":"if","locations":[{"start":{"line":25,"column":4},"end":{"line":27,"column":5}},{"start":{},"end":{}}],"line":25},"1":{"loc":{"start":{"line":42,"column":4},"end":{"line":46,"column":5}},"type":"if","locations":[{"start":{"line":42,"column":4},"end":{"line":46,"column":5}},{"start":{"line":44,"column":11},"end":{"line":46,"column":5}}],"line":42},"2":{"loc":{"start":{"line":50,"column":4},"end":{"line":52,"column":5}},"type":"if","locations":[{"start":{"line":50,"column":4},"end":{"line":52,"column":5}},{"start":{},"end":{}}],"line":50}},"s":{"0":0,"1":0,"2":0,"3":0,"4":0,"5":0,"6":0,"7":0,"8":0,"9":0,"10":0,"11":0,"12":0,"13":0,"14":0,"15":0,"16":0,"17":0,"18":0,"19":0,"20":0,"21":0,"22":0,"23":0,"24":0,"25":0,"26":0,"27":0,"28":0,"29":0,"30":0,"31":0,"32":0,"33":0,"34":0,"35":0},"f":{"0":0,"1":0,"2":0,"3":0,"4":0,"5":0,"6":0,"7":0},"b":{"0":[0,0],"1":[0,0],"2":[0,0]}}
,"D:\\workbench\\COURSOR PROJECTS\\ai assisted wellness app\\src\\services\\reminderService.js": {"path":"D:\\workbench\\COURSOR PROJECTS\\ai assisted wellness app\\src\\services\\reminderService.js","statementMap":{"0":{"start":{"line":3,"column":30},"end":{"line":11,"column":1}},"1":{"start":{"line":4,"column":2},"end":{"line":10,"column":3}},"2":{"start":{"line":5,"column":21},"end":{"line":5,"column":83}},"3":{"start":{"line":6,"column":4},"end":{"line":6,"column":25}},"4":{"start":{"line":8,"column":4},"end":{"line":8,"column":53}},"5":{"start":{"line":9,"column":4},"end":{"line":9,"column":16}},"6":{"start":{"line":13,"column":28},"end":{"line":21,"column":1}},"7":{"start":{"line":14,"column":2},"end":{"line":20,"column":3}},"8":{"start":{"line":15,"column":21},"end":{"line":15,"column":58}},"9":{"start":{"line":16,"column":4},"end":{"line":16,"column":25}},"10":{"start":{"line":18,"column":4},"end":{"line":18,"column":54}},"11":{"start":{"line":19,"column":4},"end":{"line":19,"column":16}}},"fnMap":{"0":{"name":"(anonymous_0)","decl":{"start":{"line":3,"column":30},"end":{"line":3,"column":31}},"loc":{"start":{"line":3,"column":62},"end":{"line":11,"column":1}},"line":3},"1":{"name":"(anonymous_1)","decl":{"start":{"line":13,"column":28},"end":{"line":13,"column":29}},"loc":{"start":{"line":13,"column":46},"end":{"line":21,"column":1}},"line":13}},"branchMap":{},"s":{"0":0,"1":0,"2":0,"3":0,"4":0,"5":0,"6":0,"7":0,"8":0,"9":0,"10":0,"11":0},"f":{"0":0,"1":0},"b":{}}
,"D:\\workbench\\COURSOR PROJECTS\\ai assisted wellness app\\src\\services\\scheduleService.js": {"path":"D:\\workbench\\COURSOR PROJECTS\\ai assisted wellness app\\src\\services\\scheduleService.js","statementMap":{"0":{"start":{"line":3,"column":33},"end":{"line":11,"column":1}},"1":{"start":{"line":4,"column":2},"end":{"line":10,"column":3}},"2":{"start":{"line":5,"column":21},"end":{"line":5,"column":57}},"3":{"start":{"line":6,"column":4},"end":{"line":6,"column":25}},"4":{"start":{"line":8,"column":4},"end":{"line":8,"column":60}},"5":{"start":{"line":9,"column":4},"end":{"line":9,"column":16}},"6":{"start":{"line":13,"column":36},"end":{"line":21,"column":1}},"7":{"start":{"line":14,"column":2},"end":{"line":20,"column":3}},"8":{"start":{"line":15,"column":21},"end":{"line":15,"column":71}},"9":{"start":{"line":16,"column":4},"end":{"line":16,"column":25}},"10":{"start":{"line":18,"column":4},"end":{"line":18,"column":60}},"11":{"start":{"line":19,"column":4},"end":{"line":19,"column":16}}},"fnMap":{"0":{"name":"(anonymous_0)","decl":{"start":{"line":3,"column":33},"end":{"line":3,"column":34}},"loc":{"start":{"line":3,"column":51},"end":{"line":11,"column":1}},"line":3},"1":{"name":"(anonymous_1)","decl":{"start":{"line":13,"column":36},"end":{"line":13,"column":37}},"loc":{"start":{"line":13,"column":64},"end":{"line":21,"column":1}},"line":13}},"branchMap":{},"s":{"0":0,"1":0,"2":0,"3":0,"4":0,"5":0,"6":0,"7":0,"8":0,"9":0,"10":0,"11":0},"f":{"0":0,"1":0},"b":{}}
,"D:\\workbench\\COURSOR PROJECTS\\ai assisted wellness app\\src\\services\\sharingService.js": {"path":"D:\\workbench\\COURSOR PROJECTS\\ai assisted wellness app\\src\\services\\sharingService.js","statementMap":{"0":{"start":{"line":1,"column":19},"end":{"line":1,"column":50}},"1":{"start":{"line":2,"column":13},"end":{"line":2,"column":38}},"2":{"start":{"line":6,"column":23},"end":{"line":6,"column":86}},"3":{"start":{"line":7,"column":4},"end":{"line":9,"column":5}},"4":{"start":{"line":8,"column":6},"end":{"line":8,"column":88}},"5":{"start":{"line":11,"column":27},"end":{"line":11,"column":73}},"6":{"start":{"line":12,"column":4},"end":{"line":14,"column":5}},"7":{"start":{"line":13,"column":6},"end":{"line":13,"column":54}},"8":{"start":{"line":16,"column":4},"end":{"line":19,"column":7}},"9":{"start":{"line":21,"column":4},"end":{"line":21,"column":28}},"10":{"start":{"line":22,"column":4},"end":{"line":22,"column":22}},"11":{"start":{"line":26,"column":4},"end":{"line":26,"column":58}},"12":{"start":{"line":30,"column":23},"end":{"line":30,"column":86}},"13":{"start":{"line":31,"column":4},"end":{"line":33,"column":5}},"14":{"start":{"line":32,"column":6},"end":{"line":32,"column":89}},"15":{"start":{"line":35,"column":4},"end":{"line":35,"column":31}},"16":{"start":{"line":36,"column":4},"end":{"line":36,"column":28}},"17":{"start":{"line":37,"column":4},"end":{"line":37,"column":22}},"18":{"start":{"line":41,"column":4},"end":{"line":41,"column":47}},"19":{"start":{"line":45,"column":0},"end":{"line":45,"column":38}}},"fnMap":{"0":{"name":"(anonymous_0)","decl":{"start":{"line":5,"column":2},"end":{"line":5,"column":3}},"loc":{"start":{"line":5,"column":77},"end":{"line":23,"column":3}},"line":5},"1":{"name":"(anonymous_1)","decl":{"start":{"line":25,"column":2},"end":{"line":25,"column":3}},"loc":{"start":{"line":25,"column":37},"end":{"line":27,"column":3}},"line":25},"2":{"name":"(anonymous_2)","decl":{"start":{"line":29,"column":2},"end":{"line":29,"column":3}},"loc":{"start":{"line":29,"column":52},"end":{"line":38,"column":3}},"line":29},"3":{"name":"(anonymous_3)","decl":{"start":{"line":40,"column":2},"end":{"line":40,"column":3}},"loc":{"start":{"line":40,"column":31},"end":{"line":42,"column":3}},"line":40}},"branchMap":{"0":{"loc":{"start":{"line":7,"column":4},"end":{"line":9,"column":5}},"type":"if","locations":[{"start":{"line":7,"column":4},"end":{"line":9,"column":5}},{"start":{},"end":{}}],"line":7},"1":{"loc":{"start":{"line":12,"column":4},"end":{"line":14,"column":5}},"type":"if","locations":[{"start":{"line":12,"column":4},"end":{"line":14,"column":5}},{"start":{},"end":{}}],"line":12},"2":{"loc":{"start":{"line":31,"column":4},"end":{"line":33,"column":5}},"type":"if","locations":[{"start":{"line":31,"column":4},"end":{"line":33,"column":5}},{"start":{},"end":{}}],"line":31}},"s":{"0":0,"1":0,"2":0,"3":0,"4":0,"5":0,"6":0,"7":0,"8":0,"9":0,"10":0,"11":0,"12":0,"13":0,"14":0,"15":0,"16":0,"17":0,"18":0,"19":0},"f":{"0":0,"1":0,"2":0,"3":0},"b":{"0":[0,0],"1":[0,0],"2":[0,0]}}
,"D:\\workbench\\COURSOR PROJECTS\\ai assisted wellness app\\src\\services\\suggestionFeedbackService.js": {"path":"D:\\workbench\\COURSOR PROJECTS\\ai assisted wellness app\\src\\services\\suggestionFeedbackService.js","statementMap":{"0":{"start":{"line":3,"column":38},"end":{"line":15,"column":1}},"1":{"start":{"line":4,"column":2},"end":{"line":14,"column":3}},"2":{"start":{"line":5,"column":4},"end":{"line":10,"column":7}},"3":{"start":{"line":12,"column":4},"end":{"line":12,"column":62}},"4":{"start":{"line":13,"column":4},"end":{"line":13,"column":16}},"5":{"start":{"line":17,"column":37},"end":{"line":28,"column":1}},"6":{"start":{"line":18,"column":2},"end":{"line":27,"column":3}},"7":{"start":{"line":19,"column":21},"end":{"line":21,"column":12}},"8":{"start":{"line":23,"column":4},"end":{"line":23,"column":48}},"9":{"start":{"line":23,"column":36},"end":{"line":23,"column":46}},"10":{"start":{"line":25,"column":4},"end":{"line":25,"column":63}},"11":{"start":{"line":26,"column":4},"end":{"line":26,"column":16}}},"fnMap":{"0":{"name":"(anonymous_0)","decl":{"start":{"line":3,"column":38},"end":{"line":3,"column":39}},"loc":{"start":{"line":3,"column":80},"end":{"line":15,"column":1}},"line":3},"1":{"name":"(anonymous_1)","decl":{"start":{"line":17,"column":37},"end":{"line":17,"column":38}},"loc":{"start":{"line":17,"column":61},"end":{"line":28,"column":1}},"line":17},"2":{"name":"(anonymous_2)","decl":{"start":{"line":23,"column":29},"end":{"line":23,"column":30}},"loc":{"start":{"line":23,"column":36},"end":{"line":23,"column":46}},"line":23}},"branchMap":{},"s":{"0":0,"1":0,"2":0,"3":0,"4":0,"5":0,"6":0,"7":0,"8":0,"9":0,"10":0,"11":0},"f":{"0":0,"1":0,"2":0},"b":{}}
,"D:\\workbench\\COURSOR PROJECTS\\ai assisted wellness app\\src\\tests\\mocks\\prom-client-mock.js": {"path":"D:\\workbench\\COURSOR PROJECTS\\ai assisted wellness app\\src\\tests\\mocks\\prom-client-mock.js","statementMap":{"0":{"start":{"line":1,"column":0},"end":{"line":13,"column":2}},"1":{"start":{"line":7,"column":47},"end":{"line":9,"column":3}},"2":{"start":{"line":10,"column":49},"end":{"line":12,"column":3}}},"fnMap":{"0":{"name":"(anonymous_0)","decl":{"start":{"line":7,"column":40},"end":{"line":7,"column":41}},"loc":{"start":{"line":7,"column":47},"end":{"line":9,"column":3}},"line":7},"1":{"name":"(anonymous_1)","decl":{"start":{"line":10,"column":42},"end":{"line":10,"column":43}},"loc":{"start":{"line":10,"column":49},"end":{"line":12,"column":3}},"line":10}},"branchMap":{},"s":{"0":0,"1":0,"2":0},"f":{"0":0,"1":0},"b":{}}
,"D:\\workbench\\COURSOR PROJECTS\\ai assisted wellness app\\src\\tests\\mocks\\redis-mock.js": {"path":"D:\\workbench\\COURSOR PROJECTS\\ai assisted wellness app\\src\\tests\\mocks\\redis-mock.js","statementMap":{"0":{"start":{"line":1,"column":0},"end":{"line":9,"column":2}},"1":{"start":{"line":2,"column":31},"end":{"line":8,"column":3}}},"fnMap":{"0":{"name":"(anonymous_0)","decl":{"start":{"line":2,"column":24},"end":{"line":2,"column":25}},"loc":{"start":{"line":2,"column":31},"end":{"line":8,"column":3}},"line":2}},"branchMap":{},"s":{"0":0,"1":0},"f":{"0":0},"b":{}}
,"D:\\workbench\\COURSOR PROJECTS\\ai assisted wellness app\\src\\translations\\translations.js": {"path":"D:\\workbench\\COURSOR PROJECTS\\ai assisted wellness app\\src\\translations\\translations.js","statementMap":{"0":{"start":{"line":1,"column":28},"end":{"line":58,"column":1}}},"fnMap":{},"branchMap":{},"s":{"0":0},"f":{},"b":{}}
,"D:\\workbench\\COURSOR PROJECTS\\ai assisted wellness app\\src\\utils\\api.js": {"path":"D:\\workbench\\COURSOR PROJECTS\\ai assisted wellness app\\src\\utils\\api.js","statementMap":{"0":{"start":{"line":4,"column":12},"end":{"line":6,"column":2}},"1":{"start":{"line":9,"column":0},"end":{"line":21,"column":3}},"2":{"start":{"line":10,"column":15},"end":{"line":10,"column":24}},"3":{"start":{"line":11,"column":15},"end":{"line":11,"column":31}},"4":{"start":{"line":13,"column":2},"end":{"line":16,"column":3}},"5":{"start":{"line":14,"column":18},"end":{"line":14,"column":41}},"6":{"start":{"line":15,"column":4},"end":{"line":15,"column":53}},"7":{"start":{"line":18,"column":2},"end":{"line":18,"column":16}},"8":{"start":{"line":20,"column":2},"end":{"line":20,"column":31}}},"fnMap":{"0":{"name":"(anonymous_0)","decl":{"start":{"line":9,"column":29},"end":{"line":9,"column":30}},"loc":{"start":{"line":9,"column":47},"end":{"line":19,"column":1}},"line":9},"1":{"name":"(anonymous_1)","decl":{"start":{"line":19,"column":3},"end":{"line":19,"column":4}},"loc":{"start":{"line":19,"column":14},"end":{"line":21,"column":1}},"line":19}},"branchMap":{"0":{"loc":{"start":{"line":5,"column":11},"end":{"line":5,"column":71}},"type":"binary-expr","locations":[{"start":{"line":5,"column":11},"end":{"line":5,"column":40}},{"start":{"line":5,"column":44},"end":{"line":5,"column":71}}],"line":5},"1":{"loc":{"start":{"line":13,"column":2},"end":{"line":16,"column":3}},"type":"if","locations":[{"start":{"line":13,"column":2},"end":{"line":16,"column":3}},{"start":{},"end":{}}],"line":13}},"s":{"0":0,"1":0,"2":0,"3":0,"4":0,"5":0,"6":0,"7":0,"8":0},"f":{"0":0,"1":0},"b":{"0":[0,0],"1":[0,0]}}
,"D:\\workbench\\COURSOR PROJECTS\\ai assisted wellness app\\src\\utils\\logger.js": {"path":"D:\\workbench\\COURSOR PROJECTS\\ai assisted wellness app\\src\\utils\\logger.js","statementMap":{"0":{"start":{"line":1,"column":16},"end":{"line":1,"column":34}},"1":{"start":{"line":3,"column":15},"end":{"line":14,"column":2}},"2":{"start":{"line":16,"column":0},"end":{"line":16,"column":24}}},"fnMap":{},"branchMap":{"0":{"loc":{"start":{"line":4,"column":9},"end":{"line":4,"column":65}},"type":"cond-expr","locations":[{"start":{"line":4,"column":49},"end":{"line":4,"column":55}},{"start":{"line":4,"column":58},"end":{"line":4,"column":65}}],"line":4}},"s":{"0":2,"1":2,"2":2},"f":{},"b":{"0":[0,2]},"_coverageSchema":"1a1c01bbd47fc00a2c39e90264f33305004495a9","hash":"526a58586c7a11a8122e8ae49f92ba843d4991e8"}
}
